[2026-07-14T08:40:57.041Z] [info] %cDownload the React DevTools for a better development experience: https://react.dev/link/react-devtools font-weight:bold
[2026-07-14T08:40:57.131Z] [log] [HMR] connected
[2026-07-14T08:45:46.151Z] [log] [Fast Refresh] rebuilding
[2026-07-14T08:45:46.312Z] [log] [Fast Refresh] done in 111ms
[2026-07-14T08:45:47.135Z] [error] Failed to load resource: net::ERR_CONNECTION_REFUSED
[2026-07-14T08:46:30.201Z] [log] [Fast Refresh] rebuilding
[2026-07-14T08:46:30.381Z] [log] [Fast Refresh] done in 17ms
[2026-07-14T08:46:39.797Z] [info] %cDownload the React DevTools for a better development experience: https://react.dev/link/react-devtools font-weight:bold
[2026-07-14T08:46:39.869Z] [log] [HMR] connected
[2026-07-14T08:47:02.064Z] [info] %cDownload the React DevTools for a better development experience: https://react.dev/link/react-devtools font-weight:bold
[2026-07-14T08:47:02.083Z] [log] [HMR] connected
[2026-07-14T08:47:15.012Z] [info] %cDownload the React DevTools for a better development experience: https://react.dev/link/react-devtools font-weight:bold
[2026-07-14T08:47:15.098Z] [log] [HMR] connected
[2026-07-14T08:51:38.543Z] [log] [Fast Refresh] rebuilding
[2026-07-14T08:51:38.738Z] [log] [Fast Refresh] done in 274ms
[2026-07-14T08:51:40.047Z] [error] Failed to load resource: the server responded with a status of 404 (Not Found)
[2026-07-14T08:52:30.768Z] [log] [Fast Refresh] rebuilding
[2026-07-14T08:52:30.802Z] [log] [Fast Refresh] done in 13ms
[2026-07-14T08:53:05.922Z] [log] [Fast Refresh] rebuilding
[2026-07-14T08:53:05.933Z] [log] [Fast Refresh] done in 112ms
[2026-07-14T08:53:10.932Z] [info] %cDownload the React DevTools for a better development experience: https://react.dev/link/react-devtools font-weight:bold
[2026-07-14T08:53:10.986Z] [log] [HMR] connected
[2026-07-14T08:53:19.789Z] [info] %cDownload the React DevTools for a better development experience: https://react.dev/link/react-devtools font-weight:bold
[2026-07-14T08:53:19.802Z] [log] [HMR] connected
[2026-07-14T08:53:28.669Z] [info] %cDownload the React DevTools for a better development experience: https://react.dev/link/react-devtools font-weight:bold
[2026-07-14T08:53:28.679Z] [log] [HMR] connected
[2026-07-14T08:53:43.391Z] [log] [Fast Refresh] rebuilding
[2026-07-14T08:53:43.416Z] [log] [Fast Refresh] done in 16ms
[2026-07-14T08:53:59.822Z] [info] %cDownload the React DevTools for a better development experience: https://react.dev/link/react-devtools font-weight:bold
[2026-07-14T08:53:59.871Z] [log] [HMR] connected
[2026-07-14T08:54:06.436Z] [info] %cDownload the React DevTools for a better development experience: https://react.dev/link/react-devtools font-weight:bold
[2026-07-14T08:54:06.452Z] [log] [HMR] connected
[2026-07-14T08:54:24.449Z] [info] %cDownload the React DevTools for a better development experience: https://react.dev/link/react-devtools font-weight:bold
[2026-07-14T08:54:24.544Z] [log] [HMR] connected
[2026-07-14T08:56:34.651Z] [log] [Fast Refresh] rebuilding
[2026-07-14T08:56:34.756Z] [log] [Fast Refresh] done in 54ms
[2026-07-14T08:57:09.447Z] [log] [Fast Refresh] rebuilding
[2026-07-14T08:57:09.479Z] [log] [Fast Refresh] done in 10ms
[2026-07-14T08:57:36.565Z] [info] %cDownload the React DevTools for a better development experience: https://react.dev/link/react-devtools font-weight:bold
[2026-07-14T08:57:36.608Z] [log] [HMR] connected
[2026-07-14T08:58:30.535Z] [log] [Fast Refresh] rebuilding
[2026-07-14T08:58:30.546Z] [log] [Fast Refresh] done in 28ms
[2026-07-14T09:02:17.977Z] [info] %cDownload the React DevTools for a better development experience: https://react.dev/link/react-devtools font-weight:bold
[2026-07-14T09:02:18.038Z] [log] [HMR] connected
[2026-07-14T09:03:30.936Z] [log] [Fast Refresh] rebuilding
[2026-07-14T09:03:31.013Z] [log] [Fast Refresh] done in 64ms
[2026-07-14T09:03:39.538Z] [log] [Fast Refresh] rebuilding
[2026-07-14T09:03:39.896Z] [log] [Fast Refresh] done in 9ms
[2026-07-14T09:04:17.532Z] [log] [Fast Refresh] rebuilding
[2026-07-14T09:04:17.797Z] [info] %cDownload the React DevTools for a better development experience: https://react.dev/link/react-devtools font-weight:bold
[2026-07-14T09:04:17.854Z] [log] [HMR] connected
[2026-07-14T09:04:23.800Z] [info] %cDownload the React DevTools for a better development experience: https://react.dev/link/react-devtools font-weight:bold
[2026-07-14T09:04:23.812Z] [log] [HMR] connected
[2026-07-14T09:09:15.749Z] [error] Failed to load resource: net::ERR_CONNECTION_REFUSED
[2026-07-14T09:09:15.749Z] [error] Failed to load resource: net::ERR_CONNECTION_REFUSED
[2026-07-14T09:09:15.749Z] [error] Failed to load resource: net::ERR_CONNECTION_REFUSED
[2026-07-14T09:09:16.795Z] [error] WebSocket connection to 'ws://localhost:3000/_next/webpack-hmr?id=UPEq0Us3-jZboGgBOM8vW' failed: Error in connection establishment: net::ERR_CONNECTION_REFUSED
[2026-07-14T09:09:17.091Z] [error] Failed to load resource: net::ERR_CONNECTION_REFUSED
[2026-07-14T09:09:17.801Z] [error] WebSocket connection to 'ws://localhost:3000/_next/webpack-hmr?id=UPEq0Us3-jZboGgBOM8vW' failed: Error in connection establishment: net::ERR_CONNECTION_REFUSED
[2026-07-14T09:09:18.805Z] [error] WebSocket connection to 'ws://localhost:3000/_next/webpack-hmr?id=UPEq0Us3-jZboGgBOM8vW' failed: Error in connection establishment: net::ERR_CONNECTION_REFUSED
[2026-07-14T09:09:19.809Z] [error] WebSocket connection to 'ws://localhost:3000/_next/webpack-hmr?id=UPEq0Us3-jZboGgBOM8vW' failed: Error in connection establishment: net::ERR_CONNECTION_REFUSED
[2026-07-14T09:09:20.092Z] [error] Failed to load resource: net::ERR_CONNECTION_REFUSED
[2026-07-14T09:09:20.817Z] [error] WebSocket connection to 'ws://localhost:3000/_next/webpack-hmr?id=UPEq0Us3-jZboGgBOM8vW' failed: Error in connection establishment: net::ERR_CONNECTION_REFUSED
[2026-07-14T09:09:23.092Z] [error] Failed to load resource: net::ERR_CONNECTION_REFUSED
[2026-07-14T09:09:25.821Z] [error] WebSocket connection to 'ws://localhost:3000/_next/webpack-hmr?id=UPEq0Us3-jZboGgBOM8vW' failed: Error in connection establishment: net::ERR_CONNECTION_REFUSED
[2026-07-14T09:09:26.089Z] [error] Failed to load resource: net::ERR_CONNECTION_REFUSED
[2026-07-14T09:09:29.091Z] [error] Failed to load resource: net::ERR_CONNECTION_REFUSED
[2026-07-14T09:09:30.827Z] [error] WebSocket connection to 'ws://localhost:3000/_next/webpack-hmr?id=UPEq0Us3-jZboGgBOM8vW' failed: Error in connection establishment: net::ERR_CONNECTION_REFUSED
[2026-07-14T09:09:32.089Z] [error] Failed to load resource: net::ERR_CONNECTION_REFUSED
[2026-07-14T09:09:35.090Z] [error] Failed to load resource: net::ERR_CONNECTION_REFUSED
[2026-07-14T09:09:35.843Z] [error] WebSocket connection to 'ws://localhost:3000/_next/webpack-hmr?id=UPEq0Us3-jZboGgBOM8vW' failed: Error in connection establishment: net::ERR_CONNECTION_REFUSED
[2026-07-14T09:09:38.095Z] [error] Failed to load resource: net::ERR_CONNECTION_REFUSED
[2026-07-14T09:09:40.857Z] [error] WebSocket connection to 'ws://localhost:3000/_next/webpack-hmr?id=UPEq0Us3-jZboGgBOM8vW' failed: Error in connection establishment: net::ERR_CONNECTION_REFUSED
[2026-07-14T09:09:41.092Z] [error] Failed to load resource: net::ERR_CONNECTION_REFUSED
[2026-07-14T09:09:44.091Z] [error] Failed to load resource: net::ERR_CONNECTION_REFUSED
[2026-07-14T09:09:45.904Z] [error] WebSocket connection to 'ws://localhost:3000/_next/webpack-hmr?id=UPEq0Us3-jZboGgBOM8vW' failed: Error in connection establishment: net::ERR_CONNECTION_REFUSED
[2026-07-14T09:09:47.092Z] [error] Failed to load resource: net::ERR_CONNECTION_REFUSED
[2026-07-14T09:09:50.092Z] [error] Failed to load resource: net::ERR_CONNECTION_REFUSED
[2026-07-14T09:09:51.065Z] [error] WebSocket connection to 'ws://localhost:3000/_next/webpack-hmr?id=UPEq0Us3-jZboGgBOM8vW' failed: Error in connection establishment: net::ERR_CONNECTION_REFUSED
[2026-07-14T09:09:53.093Z] [error] Failed to load resource: net::ERR_CONNECTION_REFUSED
[2026-07-14T09:09:56.090Z] [error] Failed to load resource: net::ERR_CONNECTION_REFUSED
[2026-07-14T09:09:56.241Z] [error] WebSocket connection to 'ws://localhost:3000/_next/webpack-hmr?id=UPEq0Us3-jZboGgBOM8vW' failed: Error in connection establishment: net::ERR_CONNECTION_REFUSED
