[2026-07-14T08:40:56.947Z] GET http://localhost:3000/?project=1c630ee3-9a51-4c30-a9c9-c0cc54e58d67 → 200 (24ms, 12823B)
[2026-07-14T08:40:56.975Z] GET http://localhost:3000/_next/static/chunks/apps_web_app_globals_1lkgh9-.css → 200 (2ms, 44169B)
[2026-07-14T08:40:56.975Z] GET http://localhost:3000/_next/static/chunks/%5Bturbopack%5D_browser_dev_hmr-client_hmr-client_ts_0i3v_ep._.js → 200 (3ms, 675B)
[2026-07-14T08:40:56.975Z] GET http://localhost:3000/_next/static/chunks/01oh_next_dist_compiled_next-devtools_index_1q1satn.js → 200 (44ms, 746660B)
[2026-07-14T08:40:56.976Z] GET http://localhost:3000/_next/static/chunks/01oh_next_dist_compiled_react-dom_0ktcf1d._.js → 200 (44ms, 1059932B)
[2026-07-14T08:40:56.976Z] GET http://localhost:3000/_next/static/chunks/01oh_next_dist_compiled_react-server-dom-turbopack_0r6w_25._.js → 200 (16ms, 175584B)
[2026-07-14T08:40:56.976Z] GET http://localhost:3000/_next/static/chunks/01oh_next_dist_compiled_0a_f0kq._.js → 200 (16ms, 148176B)
[2026-07-14T08:40:56.976Z] GET http://localhost:3000/_next/static/chunks/01oh_next_dist_client_06jliy-._.js → 200 (43ms, 793781B)
[2026-07-14T08:40:56.976Z] GET http://localhost:3000/_next/static/chunks/01oh_next_dist_204qidi._.js → 200 (19ms, 264018B)
[2026-07-14T08:40:56.976Z] GET http://localhost:3000/_next/static/chunks/0vvp_%40swc_helpers_cjs_0vb02wp._.js → 200 (17ms, 2054B)
[2026-07-14T08:40:56.976Z] GET http://localhost:3000/_next/static/chunks/apps_web_1anvha4._.js → 200 (16ms, 700B)
[2026-07-14T08:40:56.976Z] GET http://localhost:3000/_next/static/chunks/turbopack-apps_web_1530bsg._.js → 200 (21ms, 92455B)
[2026-07-14T08:40:56.976Z] GET http://localhost:3000/_next/static/chunks/01oh_next_dist_1w2x0bb._.js → 200 (32ms, 220314B)
[2026-07-14T08:40:56.976Z] GET http://localhost:3000/_next/static/chunks/apps_web_app_layout_tsx_0ltblws._.js → 200 (21ms, 304B)
[2026-07-14T08:40:56.976Z] GET http://localhost:3000/_next/static/chunks/apps_web_1bgfynd._.js → 200 (32ms, 246702B)
[2026-07-14T08:40:56.976Z] GET http://localhost:3000/_next/static/chunks/03ia_%40supabase_auth-js_dist_module_0sb4hrh._.js → 200 (44ms, 531620B)
[2026-07-14T08:40:56.977Z] GET http://localhost:3000/_next/static/chunks/1_33_micromark_dev_lib_0cqgvao._.js → 200 (31ms, 131193B)
[2026-07-14T08:40:56.977Z] GET http://localhost:3000/_next/static/chunks/1g_1_micromark-core-commonmark_dev_lib_1iz2svp._.js → 200 (42ms, 374112B)
[2026-07-14T08:40:56.977Z] GET http://localhost:3000/_next/static/chunks/node_modules__pnpm_14bxt24._.js → 200 (143ms, 1678499B)
[2026-07-14T08:40:56.977Z] GET http://localhost:3000/_next/static/chunks/apps_web_app_page_tsx_1voek4m._.js → 200 (43ms, 481B)
[2026-07-14T08:40:56.977Z] GET http://localhost:3000/_next/static/chunks/01oh_next_dist_client_components_builtin_global-error_1voek4m.js → 200 (43ms, 212B)
[2026-07-14T08:40:57.080Z] GET http://localhost:3000/_next/static/chunks/%5Bturbopack%5D_browser_dev_hmr-client_hmr-client_ts_1mojsay._.js → 200 (40ms, 15615B)
[2026-07-14T08:40:57.080Z] GET http://localhost:3000/_next/static/chunks/%5Bturbopack%5D_browser_dev_hmr-client_hmr-client_ts_1freuqa._.js → 200 (40ms, 289B)
[2026-07-14T08:41:21.142Z] POST https://edzhwacmvtdpuuifyrje.supabase.co/auth/v1/token?grant_type=password → pending (?ms, ?B)
[2026-07-14T08:41:22.296Z] GET http://localhost:4000/api/projects → pending (?ms, ?B)
[2026-07-14T08:41:22.297Z] GET http://localhost:4000/api/projects → 200 (935ms, 185B)
[2026-07-14T08:41:23.245Z] GET http://localhost:4000/api/versions/8f2c15d2-5828-4035-a419-cddc1b86b82f → pending (?ms, ?B)
[2026-07-14T08:41:28.308Z] GET http://localhost:4000/api/projects → 200 (851ms, ?B)
[2026-07-14T08:41:29.160Z] GET http://localhost:4000/api/versions/8f2c15d2-5828-4035-a419-cddc1b86b82f → pending (?ms, ?B)
[2026-07-14T08:41:31.308Z] GET http://localhost:4000/api/projects → 200 (827ms, ?B)
[2026-07-14T08:41:32.136Z] GET http://localhost:4000/api/versions/8f2c15d2-5828-4035-a419-cddc1b86b82f → pending (?ms, ?B)
[2026-07-14T08:41:34.310Z] GET http://localhost:4000/api/projects → 200 (898ms, ?B)
[2026-07-14T08:41:35.209Z] GET http://localhost:4000/api/versions/8f2c15d2-5828-4035-a419-cddc1b86b82f → pending (?ms, ?B)
[2026-07-14T08:41:37.307Z] GET http://localhost:4000/api/projects → 200 (845ms, ?B)
[2026-07-14T08:41:38.152Z] GET http://localhost:4000/api/versions/8f2c15d2-5828-4035-a419-cddc1b86b82f → pending (?ms, ?B)
[2026-07-14T08:41:40.309Z] GET http://localhost:4000/api/projects → 200 (776ms, ?B)
[2026-07-14T08:41:41.086Z] GET http://localhost:4000/api/versions/8f2c15d2-5828-4035-a419-cddc1b86b82f → pending (?ms, ?B)
[2026-07-14T08:41:43.308Z] GET http://localhost:4000/api/projects → 200 (811ms, ?B)
[2026-07-14T08:41:44.120Z] GET http://localhost:4000/api/versions/8f2c15d2-5828-4035-a419-cddc1b86b82f → pending (?ms, ?B)
[2026-07-14T08:41:46.308Z] GET http://localhost:4000/api/projects → 200 (935ms, ?B)
[2026-07-14T08:41:47.244Z] GET http://localhost:4000/api/versions/8f2c15d2-5828-4035-a419-cddc1b86b82f → pending (?ms, ?B)
[2026-07-14T08:41:49.311Z] GET http://localhost:4000/api/projects → 200 (805ms, ?B)
[2026-07-14T08:41:50.117Z] GET http://localhost:4000/api/versions/8f2c15d2-5828-4035-a419-cddc1b86b82f → pending (?ms, ?B)
[2026-07-14T08:41:52.307Z] GET http://localhost:4000/api/projects → 200 (833ms, ?B)
[2026-07-14T08:41:53.140Z] GET http://localhost:4000/api/versions/8f2c15d2-5828-4035-a419-cddc1b86b82f → pending (?ms, ?B)
[2026-07-14T08:41:55.307Z] GET http://localhost:4000/api/projects → 200 (960ms, ?B)
[2026-07-14T08:41:56.268Z] GET http://localhost:4000/api/versions/8f2c15d2-5828-4035-a419-cddc1b86b82f → pending (?ms, ?B)
[2026-07-14T08:41:58.308Z] GET http://localhost:4000/api/projects → pending (?ms, ?B)
[2026-07-14T08:41:59.267Z] GET http://localhost:4000/api/versions/8f2c15d2-5828-4035-a419-cddc1b86b82f → pending (?ms, ?B)
[2026-07-14T08:42:01.308Z] GET http://localhost:4000/api/projects → pending (?ms, ?B)
[2026-07-14T08:42:02.160Z] GET http://localhost:4000/api/versions/8f2c15d2-5828-4035-a419-cddc1b86b82f → pending (?ms, ?B)
[2026-07-14T08:42:04.308Z] GET http://localhost:4000/api/projects → pending (?ms, ?B)
[2026-07-14T08:42:05.177Z] GET http://localhost:4000/api/versions/8f2c15d2-5828-4035-a419-cddc1b86b82f → pending (?ms, ?B)
[2026-07-14T08:42:07.308Z] GET http://localhost:4000/api/projects → pending (?ms, ?B)
[2026-07-14T08:42:08.316Z] GET http://localhost:4000/api/versions/8f2c15d2-5828-4035-a419-cddc1b86b82f → pending (?ms, ?B)
[2026-07-14T08:42:11.779Z] GET http://localhost:4000/api/projects → 200 (1ms, 185B)
[2026-07-14T08:42:11.780Z] GET http://localhost:4000/api/versions/8f2c15d2-5828-4035-a419-cddc1b86b82f → pending (?ms, ?B)
[2026-07-14T08:42:13.531Z] GET http://localhost:4000/api/projects → pending (?ms, ?B)
[2026-07-14T08:42:14.477Z] GET http://localhost:4000/api/versions/8f2c15d2-5828-4035-a419-cddc1b86b82f → pending (?ms, ?B)
[2026-07-14T08:42:16.413Z] GET http://localhost:4000/api/projects → pending (?ms, ?B)
[2026-07-14T08:42:17.373Z] GET http://localhost:4000/api/versions/8f2c15d2-5828-4035-a419-cddc1b86b82f → pending (?ms, ?B)
[2026-07-14T08:42:19.345Z] GET http://localhost:4000/api/projects → 200 (839ms, ?B)
[2026-07-14T08:42:20.184Z] GET http://localhost:4000/api/versions/8f2c15d2-5828-4035-a419-cddc1b86b82f → pending (?ms, ?B)
[2026-07-14T08:42:22.306Z] GET http://localhost:4000/api/projects → pending (?ms, ?B)
[2026-07-14T08:42:23.170Z] GET http://localhost:4000/api/versions/8f2c15d2-5828-4035-a419-cddc1b86b82f → pending (?ms, ?B)
[2026-07-14T08:42:25.308Z] GET http://localhost:4000/api/projects → pending (?ms, ?B)
[2026-07-14T08:42:26.290Z] GET http://localhost:4000/api/versions/8f2c15d2-5828-4035-a419-cddc1b86b82f → pending (?ms, ?B)
[2026-07-14T08:42:28.306Z] GET http://localhost:4000/api/projects → pending (?ms, ?B)
[2026-07-14T08:42:29.248Z] GET http://localhost:4000/api/versions/8f2c15d2-5828-4035-a419-cddc1b86b82f → pending (?ms, ?B)
[2026-07-14T08:42:31.307Z] GET http://localhost:4000/api/projects → pending (?ms, ?B)
[2026-07-14T08:42:32.315Z] GET http://localhost:4000/api/versions/8f2c15d2-5828-4035-a419-cddc1b86b82f → pending (?ms, ?B)
[2026-07-14T08:42:34.306Z] GET http://localhost:4000/api/projects → pending (?ms, ?B)
[2026-07-14T08:42:35.369Z] GET http://localhost:4000/api/versions/8f2c15d2-5828-4035-a419-cddc1b86b82f → pending (?ms, ?B)
[2026-07-14T08:42:37.307Z] GET http://localhost:4000/api/projects → pending (?ms, ?B)
[2026-07-14T08:42:38.278Z] GET http://localhost:4000/api/versions/8f2c15d2-5828-4035-a419-cddc1b86b82f → pending (?ms, ?B)
[2026-07-14T08:42:40.307Z] GET http://localhost:4000/api/projects → pending (?ms, ?B)
[2026-07-14T08:42:41.233Z] GET http://localhost:4000/api/versions/8f2c15d2-5828-4035-a419-cddc1b86b82f → pending (?ms, ?B)
[2026-07-14T08:42:43.306Z] GET http://localhost:4000/api/projects → pending (?ms, ?B)
[2026-07-14T08:42:44.303Z] GET http://localhost:4000/api/versions/8f2c15d2-5828-4035-a419-cddc1b86b82f → pending (?ms, ?B)
[2026-07-14T08:42:46.306Z] GET http://localhost:4000/api/projects → pending (?ms, ?B)
[2026-07-14T08:42:47.242Z] GET http://localhost:4000/api/versions/8f2c15d2-5828-4035-a419-cddc1b86b82f → pending (?ms, ?B)
[2026-07-14T08:42:49.308Z] GET http://localhost:4000/api/projects → pending (?ms, ?B)
[2026-07-14T08:42:50.239Z] GET http://localhost:4000/api/versions/8f2c15d2-5828-4035-a419-cddc1b86b82f → pending (?ms, ?B)
[2026-07-14T08:42:52.308Z] GET http://localhost:4000/api/projects → pending (?ms, ?B)
[2026-07-14T08:42:53.319Z] GET http://localhost:4000/api/versions/8f2c15d2-5828-4035-a419-cddc1b86b82f → pending (?ms, ?B)
[2026-07-14T08:42:55.306Z] GET http://localhost:4000/api/projects → pending (?ms, ?B)
[2026-07-14T08:42:56.345Z] GET http://localhost:4000/api/versions/8f2c15d2-5828-4035-a419-cddc1b86b82f → pending (?ms, ?B)
[2026-07-14T08:42:58.452Z] GET http://localhost:4000/api/projects → pending (?ms, ?B)
[2026-07-14T08:42:59.842Z] GET http://localhost:4000/api/versions/8f2c15d2-5828-4035-a419-cddc1b86b82f → pending (?ms, ?B)
[2026-07-14T08:43:01.308Z] GET http://localhost:4000/api/projects → pending (?ms, ?B)
[2026-07-14T08:43:02.278Z] GET http://localhost:4000/api/versions/8f2c15d2-5828-4035-a419-cddc1b86b82f → pending (?ms, ?B)
[2026-07-14T08:43:04.307Z] GET http://localhost:4000/api/projects → pending (?ms, ?B)
[2026-07-14T08:43:05.481Z] GET http://localhost:4000/api/versions/8f2c15d2-5828-4035-a419-cddc1b86b82f → pending (?ms, ?B)
[2026-07-14T08:43:07.306Z] GET http://localhost:4000/api/projects → pending (?ms, ?B)
[2026-07-14T08:43:08.384Z] GET http://localhost:4000/api/versions/8f2c15d2-5828-4035-a419-cddc1b86b82f → pending (?ms, ?B)
[2026-07-14T08:43:10.307Z] GET http://localhost:4000/api/projects → pending (?ms, ?B)
[2026-07-14T08:43:11.258Z] GET http://localhost:4000/api/versions/8f2c15d2-5828-4035-a419-cddc1b86b82f → pending (?ms, ?B)
[2026-07-14T08:43:13.309Z] GET http://localhost:4000/api/projects → pending (?ms, ?B)
[2026-07-14T08:43:14.544Z] GET http://localhost:4000/api/versions/8f2c15d2-5828-4035-a419-cddc1b86b82f → pending (?ms, ?B)
[2026-07-14T08:43:16.306Z] GET http://localhost:4000/api/projects → pending (?ms, ?B)
[2026-07-14T08:43:17.396Z] GET http://localhost:4000/api/versions/8f2c15d2-5828-4035-a419-cddc1b86b82f → pending (?ms, ?B)
[2026-07-14T08:43:19.477Z] GET http://localhost:4000/api/projects → pending (?ms, ?B)
[2026-07-14T08:43:20.548Z] GET http://localhost:4000/api/versions/8f2c15d2-5828-4035-a419-cddc1b86b82f → pending (?ms, ?B)
[2026-07-14T08:43:22.460Z] GET http://localhost:4000/api/projects → pending (?ms, ?B)
[2026-07-14T08:43:23.574Z] GET http://localhost:4000/api/versions/8f2c15d2-5828-4035-a419-cddc1b86b82f → pending (?ms, ?B)
[2026-07-14T08:43:25.463Z] GET http://localhost:4000/api/projects → pending (?ms, ?B)
[2026-07-14T08:43:27.135Z] GET http://localhost:4000/api/versions/8f2c15d2-5828-4035-a419-cddc1b86b82f → pending (?ms, ?B)
[2026-07-14T08:43:28.310Z] GET http://localhost:4000/api/projects → pending (?ms, ?B)
[2026-07-14T08:43:29.557Z] GET http://localhost:4000/api/versions/8f2c15d2-5828-4035-a419-cddc1b86b82f → pending (?ms, ?B)
[2026-07-14T08:43:31.658Z] GET http://localhost:4000/api/projects → pending (?ms, ?B)
[2026-07-14T08:43:32.718Z] GET http://localhost:4000/api/versions/8f2c15d2-5828-4035-a419-cddc1b86b82f → pending (?ms, ?B)
[2026-07-14T08:43:34.306Z] GET http://localhost:4000/api/projects → pending (?ms, ?B)
[2026-07-14T08:43:35.400Z] GET http://localhost:4000/api/versions/8f2c15d2-5828-4035-a419-cddc1b86b82f → pending (?ms, ?B)
[2026-07-14T08:43:37.315Z] GET http://localhost:4000/api/projects → pending (?ms, ?B)
[2026-07-14T08:43:38.550Z] GET http://localhost:4000/api/versions/8f2c15d2-5828-4035-a419-cddc1b86b82f → pending (?ms, ?B)
[2026-07-14T08:43:40.414Z] GET http://localhost:4000/api/projects → 200 (976ms, ?B)
[2026-07-14T08:43:41.391Z] GET http://localhost:4000/api/versions/8f2c15d2-5828-4035-a419-cddc1b86b82f → pending (?ms, ?B)
[2026-07-14T08:43:43.306Z] GET http://localhost:4000/api/projects → pending (?ms, ?B)
[2026-07-14T08:43:44.317Z] GET http://localhost:4000/api/versions/8f2c15d2-5828-4035-a419-cddc1b86b82f → pending (?ms, ?B)
[2026-07-14T08:43:46.306Z] GET http://localhost:4000/api/projects → pending (?ms, ?B)
[2026-07-14T08:43:47.358Z] GET http://localhost:4000/api/versions/8f2c15d2-5828-4035-a419-cddc1b86b82f → pending (?ms, ?B)
[2026-07-14T08:43:49.305Z] GET http://localhost:4000/api/projects → pending (?ms, ?B)
[2026-07-14T08:43:50.170Z] GET http://localhost:4000/api/versions/8f2c15d2-5828-4035-a419-cddc1b86b82f → pending (?ms, ?B)
[2026-07-14T08:43:52.306Z] GET http://localhost:4000/api/projects → pending (?ms, ?B)
[2026-07-14T08:43:53.225Z] GET http://localhost:4000/api/versions/8f2c15d2-5828-4035-a419-cddc1b86b82f → pending (?ms, ?B)
[2026-07-14T08:43:55.305Z] GET http://localhost:4000/api/projects → pending (?ms, ?B)
[2026-07-14T08:43:56.289Z] GET http://localhost:4000/api/versions/8f2c15d2-5828-4035-a419-cddc1b86b82f → pending (?ms, ?B)
[2026-07-14T08:43:58.307Z] GET http://localhost:4000/api/projects → pending (?ms, ?B)
[2026-07-14T08:43:59.355Z] GET http://localhost:4000/api/versions/8f2c15d2-5828-4035-a419-cddc1b86b82f → pending (?ms, ?B)
[2026-07-14T08:44:01.305Z] GET http://localhost:4000/api/projects → pending (?ms, ?B)
[2026-07-14T08:44:02.279Z] GET http://localhost:4000/api/versions/8f2c15d2-5828-4035-a419-cddc1b86b82f → pending (?ms, ?B)
[2026-07-14T08:44:04.310Z] GET http://localhost:4000/api/projects → pending (?ms, ?B)
[2026-07-14T08:44:05.340Z] GET http://localhost:4000/api/versions/8f2c15d2-5828-4035-a419-cddc1b86b82f → pending (?ms, ?B)
[2026-07-14T08:44:07.435Z] GET http://localhost:4000/api/projects → 200 (947ms, ?B)
[2026-07-14T08:44:08.383Z] GET http://localhost:4000/api/versions/8f2c15d2-5828-4035-a419-cddc1b86b82f → pending (?ms, ?B)
[2026-07-14T08:44:10.305Z] GET http://localhost:4000/api/projects → pending (?ms, ?B)
[2026-07-14T08:44:11.272Z] GET http://localhost:4000/api/versions/8f2c15d2-5828-4035-a419-cddc1b86b82f → pending (?ms, ?B)
[2026-07-14T08:44:13.306Z] GET http://localhost:4000/api/projects → pending (?ms, ?B)
[2026-07-14T08:44:14.373Z] GET http://localhost:4000/api/versions/8f2c15d2-5828-4035-a419-cddc1b86b82f → pending (?ms, ?B)
[2026-07-14T08:44:16.625Z] GET http://localhost:4000/api/projects → pending (?ms, ?B)
[2026-07-14T08:44:17.511Z] GET http://localhost:4000/api/versions/8f2c15d2-5828-4035-a419-cddc1b86b82f → pending (?ms, ?B)
[2026-07-14T08:44:19.309Z] GET http://localhost:4000/api/projects → pending (?ms, ?B)
[2026-07-14T08:44:20.362Z] GET http://localhost:4000/api/versions/8f2c15d2-5828-4035-a419-cddc1b86b82f → pending (?ms, ?B)
[2026-07-14T08:44:22.431Z] GET http://localhost:4000/api/projects → pending (?ms, ?B)
[2026-07-14T08:44:23.325Z] GET http://localhost:4000/api/versions/8f2c15d2-5828-4035-a419-cddc1b86b82f → pending (?ms, ?B)
[2026-07-14T08:44:25.306Z] GET http://localhost:4000/api/projects → pending (?ms, ?B)
[2026-07-14T08:44:26.336Z] GET http://localhost:4000/api/versions/8f2c15d2-5828-4035-a419-cddc1b86b82f → pending (?ms, ?B)
[2026-07-14T08:44:28.307Z] GET http://localhost:4000/api/projects → pending (?ms, ?B)
[2026-07-14T08:44:29.353Z] GET http://localhost:4000/api/versions/8f2c15d2-5828-4035-a419-cddc1b86b82f → pending (?ms, ?B)
[2026-07-14T08:44:31.307Z] GET http://localhost:4000/api/projects → pending (?ms, ?B)
[2026-07-14T08:44:32.219Z] GET http://localhost:4000/api/versions/8f2c15d2-5828-4035-a419-cddc1b86b82f → pending (?ms, ?B)
[2026-07-14T08:44:34.306Z] GET http://localhost:4000/api/projects → pending (?ms, ?B)
[2026-07-14T08:44:35.220Z] GET http://localhost:4000/api/versions/8f2c15d2-5828-4035-a419-cddc1b86b82f → pending (?ms, ?B)
[2026-07-14T08:44:37.308Z] GET http://localhost:4000/api/projects → pending (?ms, ?B)
[2026-07-14T08:44:38.311Z] GET http://localhost:4000/api/versions/8f2c15d2-5828-4035-a419-cddc1b86b82f → pending (?ms, ?B)
[2026-07-14T08:44:40.305Z] GET http://localhost:4000/api/projects → pending (?ms, ?B)
[2026-07-14T08:44:41.443Z] GET http://localhost:4000/api/versions/8f2c15d2-5828-4035-a419-cddc1b86b82f → pending (?ms, ?B)
[2026-07-14T08:44:43.305Z] GET http://localhost:4000/api/projects → pending (?ms, ?B)
[2026-07-14T08:44:44.279Z] GET http://localhost:4000/api/versions/8f2c15d2-5828-4035-a419-cddc1b86b82f → pending (?ms, ?B)
[2026-07-14T08:44:46.308Z] GET http://localhost:4000/api/projects → pending (?ms, ?B)
[2026-07-14T08:44:47.360Z] GET http://localhost:4000/api/versions/8f2c15d2-5828-4035-a419-cddc1b86b82f → pending (?ms, ?B)
[2026-07-14T08:44:49.429Z] GET http://localhost:4000/api/projects → pending (?ms, ?B)
[2026-07-14T08:44:50.389Z] GET http://localhost:4000/api/versions/8f2c15d2-5828-4035-a419-cddc1b86b82f → pending (?ms, ?B)
[2026-07-14T08:44:52.306Z] GET http://localhost:4000/api/projects → pending (?ms, ?B)
[2026-07-14T08:44:53.489Z] GET http://localhost:4000/api/versions/8f2c15d2-5828-4035-a419-cddc1b86b82f → pending (?ms, ?B)
[2026-07-14T08:44:55.422Z] GET http://localhost:4000/api/projects → pending (?ms, ?B)
[2026-07-14T08:44:56.148Z] GET http://localhost:4000/api/versions/8f2c15d2-5828-4035-a419-cddc1b86b82f → pending (?ms, ?B)
[2026-07-14T08:44:58.306Z] GET http://localhost:4000/api/projects → pending (?ms, ?B)
[2026-07-14T08:44:58.903Z] GET http://localhost:4000/api/versions/8f2c15d2-5828-4035-a419-cddc1b86b82f → pending (?ms, ?B)
[2026-07-14T08:45:01.306Z] GET http://localhost:4000/api/projects → pending (?ms, ?B)
[2026-07-14T08:45:02.031Z] GET http://localhost:4000/api/versions/8f2c15d2-5828-4035-a419-cddc1b86b82f → pending (?ms, ?B)
[2026-07-14T08:45:04.306Z] GET http://localhost:4000/api/projects → pending (?ms, ?B)
[2026-07-14T08:45:04.921Z] GET http://localhost:4000/api/versions/8f2c15d2-5828-4035-a419-cddc1b86b82f → pending (?ms, ?B)
[2026-07-14T08:45:07.309Z] GET http://localhost:4000/api/projects → pending (?ms, ?B)
[2026-07-14T08:45:07.984Z] GET http://localhost:4000/api/versions/8f2c15d2-5828-4035-a419-cddc1b86b82f → pending (?ms, ?B)
[2026-07-14T08:45:10.306Z] GET http://localhost:4000/api/projects → pending (?ms, ?B)
[2026-07-14T08:45:11.048Z] GET http://localhost:4000/api/versions/8f2c15d2-5828-4035-a419-cddc1b86b82f → pending (?ms, ?B)
[2026-07-14T08:45:13.306Z] GET http://localhost:4000/api/projects → pending (?ms, ?B)
[2026-07-14T08:45:13.936Z] GET http://localhost:4000/api/versions/8f2c15d2-5828-4035-a419-cddc1b86b82f → pending (?ms, ?B)
[2026-07-14T08:45:16.308Z] GET http://localhost:4000/api/projects → pending (?ms, ?B)
[2026-07-14T08:45:17.125Z] GET http://localhost:4000/api/versions/8f2c15d2-5828-4035-a419-cddc1b86b82f → pending (?ms, ?B)
[2026-07-14T08:45:19.306Z] GET http://localhost:4000/api/projects → pending (?ms, ?B)
[2026-07-14T08:45:20.341Z] GET http://localhost:4000/api/versions/8f2c15d2-5828-4035-a419-cddc1b86b82f → pending (?ms, ?B)
[2026-07-14T08:45:22.306Z] GET http://localhost:4000/api/projects → pending (?ms, ?B)
[2026-07-14T08:45:23.081Z] GET http://localhost:4000/api/versions/8f2c15d2-5828-4035-a419-cddc1b86b82f → pending (?ms, ?B)
[2026-07-14T08:45:25.307Z] GET http://localhost:4000/api/projects → pending (?ms, ?B)
[2026-07-14T08:45:26.060Z] GET http://localhost:4000/api/versions/8f2c15d2-5828-4035-a419-cddc1b86b82f → pending (?ms, ?B)
[2026-07-14T08:45:28.309Z] GET http://localhost:4000/api/projects → pending (?ms, ?B)
[2026-07-14T08:45:28.984Z] GET http://localhost:4000/api/versions/8f2c15d2-5828-4035-a419-cddc1b86b82f → pending (?ms, ?B)
[2026-07-14T08:45:31.307Z] GET http://localhost:4000/api/projects → pending (?ms, ?B)
[2026-07-14T08:45:31.942Z] GET http://localhost:4000/api/versions/8f2c15d2-5828-4035-a419-cddc1b86b82f → pending (?ms, ?B)
[2026-07-14T08:45:34.310Z] GET http://localhost:4000/api/projects → pending (?ms, ?B)
[2026-07-14T08:45:34.972Z] GET http://localhost:4000/api/versions/8f2c15d2-5828-4035-a419-cddc1b86b82f → pending (?ms, ?B)
[2026-07-14T08:45:37.309Z] GET http://localhost:4000/api/projects → pending (?ms, ?B)
[2026-07-14T08:45:37.970Z] GET http://localhost:4000/api/versions/8f2c15d2-5828-4035-a419-cddc1b86b82f → pending (?ms, ?B)
[2026-07-14T08:45:40.310Z] GET http://localhost:4000/api/projects → pending (?ms, ?B)
[2026-07-14T08:45:41.021Z] GET http://localhost:4000/api/versions/8f2c15d2-5828-4035-a419-cddc1b86b82f → pending (?ms, ?B)
[2026-07-14T08:45:43.310Z] GET http://localhost:4000/api/projects → pending (?ms, ?B)
[2026-07-14T08:45:44.061Z] GET http://localhost:4000/api/versions/8f2c15d2-5828-4035-a419-cddc1b86b82f → pending (?ms, ?B)
[2026-07-14T08:45:46.220Z] GET http://localhost:3000/?project=1c630ee3-9a51-4c30-a9c9-c0cc54e58d67&_rsc=Ztv-7659wK9YVO6T → 200 (206ms, 7968B)
[2026-07-14T08:45:46.223Z] GET http://localhost:3000/?project=1c630ee3-9a51-4c30-a9c9-c0cc54e58d67&_rsc=Ztv-7659wK9YVO6T → 200 (157ms, 7970B)
[2026-07-14T08:45:46.224Z] GET http://localhost:3000/?project=1c630ee3-9a51-4c30-a9c9-c0cc54e58d67&_rsc=Ztv-7659wK9YVO6T → 200 (125ms, 7970B)
[2026-07-14T08:45:46.252Z] GET http://localhost:4000/api/projects → pending (?ms, ?B)
[2026-07-14T08:45:46.252Z] GET http://localhost:4000/api/projects → pending (?ms, ?B)
[2026-07-14T08:45:46.354Z] GET http://localhost:3000/_next/static/chunks/apps_web_1sxu-qf._.js → 200 (84ms, 310603B)
[2026-07-14T08:45:46.354Z] GET http://localhost:3000/_next/static/chunks/node_modules__pnpm_0t3-6si._.js → 200 (109ms, ?B)
[2026-07-14T08:45:46.470Z] GET http://localhost:3000/_next/static/chunks/apps_web_1sxu-qf._.js → 304 (1ms, ?B)
[2026-07-14T08:45:46.470Z] GET http://localhost:3000/_next/static/chunks/node_modules__pnpm_0t3-6si._.js → 304 (2ms, ?B)
[2026-07-14T08:45:47.132Z] GET http://localhost:4000/api/versions/8f2c15d2-5828-4035-a419-cddc1b86b82f → pending (?ms, ?B)
[2026-07-14T08:46:30.202Z] GET http://localhost:3000/_next/static/chunks/apps_web_app_globals_1lkgh9-.css → 200 (4ms, 49641B)
[2026-07-14T08:46:39.737Z] GET http://localhost:3000/ → 200 (24ms, 12618B)
[2026-07-14T08:46:39.768Z] GET http://localhost:3000/_next/static/chunks/apps_web_app_globals_1lkgh9-.css → 304 (3ms, ?B)
[2026-07-14T08:46:39.768Z] GET http://localhost:3000/_next/static/chunks/%5Bturbopack%5D_browser_dev_hmr-client_hmr-client_ts_0i3v_ep._.js → 200 (5ms, 675B)
[2026-07-14T08:46:39.768Z] GET http://localhost:3000/_next/static/chunks/01oh_next_dist_compiled_next-devtools_index_1q1satn.js → 200 (27ms, 746660B)
[2026-07-14T08:46:39.769Z] GET http://localhost:3000/_next/static/chunks/01oh_next_dist_compiled_react-dom_0ktcf1d._.js → 200 (26ms, 1059932B)
[2026-07-14T08:46:39.769Z] GET http://localhost:3000/_next/static/chunks/01oh_next_dist_compiled_react-server-dom-turbopack_0r6w_25._.js → 200 (10ms, 175584B)
[2026-07-14T08:46:39.769Z] GET http://localhost:3000/_next/static/chunks/01oh_next_dist_compiled_0a_f0kq._.js → 200 (25ms, 148176B)
[2026-07-14T08:46:39.769Z] GET http://localhost:3000/_next/static/chunks/01oh_next_dist_client_06jliy-._.js → 200 (27ms, 793781B)
[2026-07-14T08:46:39.769Z] GET http://localhost:3000/_next/static/chunks/01oh_next_dist_204qidi._.js → 200 (11ms, 264018B)
[2026-07-14T08:46:39.769Z] GET http://localhost:3000/_next/static/chunks/0vvp_%40swc_helpers_cjs_0vb02wp._.js → 200 (26ms, 2054B)
[2026-07-14T08:46:39.769Z] GET http://localhost:3000/_next/static/chunks/apps_web_1anvha4._.js → 200 (26ms, 700B)
[2026-07-14T08:46:39.769Z] GET http://localhost:3000/_next/static/chunks/turbopack-apps_web_1530bsg._.js → 200 (27ms, 92455B)
[2026-07-14T08:46:39.769Z] GET http://localhost:3000/_next/static/chunks/01oh_next_dist_1w2x0bb._.js → 200 (27ms, 220314B)
[2026-07-14T08:46:39.769Z] GET http://localhost:3000/_next/static/chunks/apps_web_app_layout_tsx_0ltblws._.js → 200 (26ms, 304B)
[2026-07-14T08:46:39.769Z] GET http://localhost:3000/_next/static/chunks/apps_web_1sxu-qf._.js → 200 (27ms, 310603B)
[2026-07-14T08:46:39.769Z] GET http://localhost:3000/_next/static/chunks/03ia_%40supabase_auth-js_dist_module_0sb4hrh._.js → 200 (38ms, 531620B)
[2026-07-14T08:46:39.769Z] GET http://localhost:3000/_next/static/chunks/1_33_micromark_dev_lib_0cqgvao._.js → 200 (38ms, 131193B)
[2026-07-14T08:46:39.769Z] GET http://localhost:3000/_next/static/chunks/1g_1_micromark-core-commonmark_dev_lib_1iz2svp._.js → 200 (38ms, 374112B)
[2026-07-14T08:46:39.769Z] GET http://localhost:3000/_next/static/chunks/node_modules__pnpm_0t3-6si._.js → 200 (80ms, 1686163B)
[2026-07-14T08:46:39.769Z] GET http://localhost:3000/_next/static/chunks/apps_web_app_page_tsx_1voek4m._.js → 200 (38ms, 481B)
[2026-07-14T08:46:39.771Z] GET http://localhost:3000/_next/static/chunks/01oh_next_dist_client_components_builtin_global-error_1voek4m.js → 200 (36ms, 212B)
[2026-07-14T08:46:39.806Z] GET http://localhost:3000/_next/static/chunks/%5Bturbopack%5D_browser_dev_hmr-client_hmr-client_ts_1mojsay._.js → 200 (45ms, 15615B)
[2026-07-14T08:46:39.807Z] GET http://localhost:3000/_next/static/chunks/%5Bturbopack%5D_browser_dev_hmr-client_hmr-client_ts_1freuqa._.js → 200 (43ms, 289B)
[2026-07-14T08:46:39.916Z] GET http://localhost:4000/api/projects → pending (?ms, ?B)
[2026-07-14T08:46:39.916Z] GET http://localhost:4000/api/projects → pending (?ms, ?B)
[2026-07-14T08:47:02.016Z] GET http://localhost:3000/?project=1c630ee3-9a51-4c30-a9c9-c0cc54e58d67 → 200 (26ms, 12823B)
[2026-07-14T08:47:02.046Z] GET http://localhost:3000/_next/static/chunks/apps_web_app_globals_1lkgh9-.css → 304 (7ms, ?B)
[2026-07-14T08:47:02.046Z] GET http://localhost:3000/_next/static/chunks/%5Bturbopack%5D_browser_dev_hmr-client_hmr-client_ts_0i3v_ep._.js → 304 (8ms, ?B)
[2026-07-14T08:47:02.046Z] GET http://localhost:3000/_next/static/chunks/01oh_next_dist_compiled_next-devtools_index_1q1satn.js → 304 (8ms, ?B)
[2026-07-14T08:47:02.046Z] GET http://localhost:3000/_next/static/chunks/01oh_next_dist_compiled_react-dom_0ktcf1d._.js → 304 (11ms, ?B)
[2026-07-14T08:47:02.047Z] GET http://localhost:3000/_next/static/chunks/01oh_next_dist_compiled_react-server-dom-turbopack_0r6w_25._.js → 304 (10ms, ?B)
[2026-07-14T08:47:02.047Z] GET http://localhost:3000/_next/static/chunks/01oh_next_dist_compiled_0a_f0kq._.js → 304 (12ms, ?B)
[2026-07-14T08:47:02.047Z] GET http://localhost:3000/_next/static/chunks/01oh_next_dist_client_06jliy-._.js → 304 (8ms, ?B)
[2026-07-14T08:47:02.049Z] GET http://localhost:3000/_next/static/chunks/01oh_next_dist_204qidi._.js → 304 (10ms, ?B)
[2026-07-14T08:47:02.049Z] GET http://localhost:3000/_next/static/chunks/0vvp_%40swc_helpers_cjs_0vb02wp._.js → 304 (11ms, ?B)
[2026-07-14T08:47:02.049Z] GET http://localhost:3000/_next/static/chunks/apps_web_1anvha4._.js → 304 (10ms, ?B)
[2026-07-14T08:47:02.049Z] GET http://localhost:3000/_next/static/chunks/turbopack-apps_web_1530bsg._.js → 304 (10ms, ?B)
[2026-07-14T08:47:02.049Z] GET http://localhost:3000/_next/static/chunks/01oh_next_dist_1w2x0bb._.js → 304 (22ms, ?B)
[2026-07-14T08:47:02.049Z] GET http://localhost:3000/_next/static/chunks/apps_web_app_layout_tsx_0ltblws._.js → 304 (23ms, ?B)
[2026-07-14T08:47:02.049Z] GET http://localhost:3000/_next/static/chunks/apps_web_1sxu-qf._.js → 304 (23ms, ?B)
[2026-07-14T08:47:02.049Z] GET http://localhost:3000/_next/static/chunks/03ia_%40supabase_auth-js_dist_module_0sb4hrh._.js → 304 (23ms, ?B)
[2026-07-14T08:47:02.049Z] GET http://localhost:3000/_next/static/chunks/1_33_micromark_dev_lib_0cqgvao._.js → 304 (23ms, ?B)
[2026-07-14T08:47:02.049Z] GET http://localhost:3000/_next/static/chunks/1g_1_micromark-core-commonmark_dev_lib_1iz2svp._.js → 304 (23ms, ?B)
[2026-07-14T08:47:02.050Z] GET http://localhost:3000/_next/static/chunks/node_modules__pnpm_0t3-6si._.js → 304 (22ms, ?B)
[2026-07-14T08:47:02.050Z] GET http://localhost:3000/_next/static/chunks/apps_web_app_page_tsx_1voek4m._.js → 304 (22ms, ?B)
[2026-07-14T08:47:02.050Z] GET http://localhost:3000/_next/static/chunks/01oh_next_dist_client_components_builtin_global-error_1voek4m.js → 304 (23ms, ?B)
[2026-07-14T08:47:02.070Z] GET http://localhost:3000/_next/static/chunks/%5Bturbopack%5D_browser_dev_hmr-client_hmr-client_ts_1mojsay._.js → 304 (9ms, ?B)
[2026-07-14T08:47:02.071Z] GET http://localhost:3000/_next/static/chunks/%5Bturbopack%5D_browser_dev_hmr-client_hmr-client_ts_1freuqa._.js → 304 (12ms, ?B)
[2026-07-14T08:47:02.101Z] GET http://localhost:4000/api/projects → pending (?ms, ?B)
[2026-07-14T08:47:02.101Z] GET http://localhost:4000/api/projects → pending (?ms, ?B)
[2026-07-14T08:47:03.492Z] GET http://localhost:4000/api/versions/8f2c15d2-5828-4035-a419-cddc1b86b82f → pending (?ms, ?B)
[2026-07-14T08:47:10.164Z] GET http://localhost:4000/api/projects → pending (?ms, ?B)
[2026-07-14T08:47:11.370Z] GET http://localhost:4000/api/versions/8f2c15d2-5828-4035-a419-cddc1b86b82f → pending (?ms, ?B)
[2026-07-14T08:47:13.163Z] GET http://localhost:4000/api/projects → pending (?ms, ?B)
[2026-07-14T08:47:14.538Z] GET http://localhost:4000/api/versions/8f2c15d2-5828-4035-a419-cddc1b86b82f → pending (?ms, ?B)
[2026-07-14T08:47:14.960Z] GET http://localhost:3000/ → 200 (17ms, 12618B)
[2026-07-14T08:47:14.982Z] GET http://localhost:3000/_next/static/chunks/apps_web_app_globals_1lkgh9-.css → 304 (3ms, ?B)
[2026-07-14T08:47:14.982Z] GET http://localhost:3000/_next/static/chunks/%5Bturbopack%5D_browser_dev_hmr-client_hmr-client_ts_0i3v_ep._.js → 200 (4ms, 675B)
[2026-07-14T08:47:14.982Z] GET http://localhost:3000/_next/static/chunks/01oh_next_dist_compiled_next-devtools_index_1q1satn.js → 200 (11ms, 746660B)
[2026-07-14T08:47:14.982Z] GET http://localhost:3000/_next/static/chunks/01oh_next_dist_compiled_react-dom_0ktcf1d._.js → 200 (26ms, 1059932B)
[2026-07-14T08:47:14.982Z] GET http://localhost:3000/_next/static/chunks/01oh_next_dist_compiled_react-server-dom-turbopack_0r6w_25._.js → 200 (7ms, 175584B)
[2026-07-14T08:47:14.982Z] GET http://localhost:3000/_next/static/chunks/01oh_next_dist_compiled_0a_f0kq._.js → 200 (10ms, 148176B)
[2026-07-14T08:47:14.982Z] GET http://localhost:3000/_next/static/chunks/01oh_next_dist_client_06jliy-._.js → 200 (27ms, 793781B)
[2026-07-14T08:47:14.982Z] GET http://localhost:3000/_next/static/chunks/01oh_next_dist_204qidi._.js → 200 (26ms, 264018B)
[2026-07-14T08:47:14.983Z] GET http://localhost:3000/_next/static/chunks/0vvp_%40swc_helpers_cjs_0vb02wp._.js → 200 (26ms, 2054B)
[2026-07-14T08:47:14.983Z] GET http://localhost:3000/_next/static/chunks/apps_web_1anvha4._.js → 200 (25ms, 700B)
[2026-07-14T08:47:14.983Z] GET http://localhost:3000/_next/static/chunks/turbopack-apps_web_1530bsg._.js → 200 (25ms, 92455B)
[2026-07-14T08:47:14.983Z] GET http://localhost:3000/_next/static/chunks/01oh_next_dist_1w2x0bb._.js → 200 (26ms, 220314B)
[2026-07-14T08:47:14.983Z] GET http://localhost:3000/_next/static/chunks/apps_web_app_layout_tsx_0ltblws._.js → 200 (26ms, 304B)
[2026-07-14T08:47:14.983Z] GET http://localhost:3000/_next/static/chunks/apps_web_1sxu-qf._.js → 200 (27ms, 310603B)
[2026-07-14T08:47:14.983Z] GET http://localhost:3000/_next/static/chunks/03ia_%40supabase_auth-js_dist_module_0sb4hrh._.js → 200 (28ms, 531620B)
[2026-07-14T08:47:14.983Z] GET http://localhost:3000/_next/static/chunks/1_33_micromark_dev_lib_0cqgvao._.js → 200 (27ms, 131193B)
[2026-07-14T08:47:14.983Z] GET http://localhost:3000/_next/static/chunks/1g_1_micromark-core-commonmark_dev_lib_1iz2svp._.js → 200 (28ms, 374112B)
[2026-07-14T08:47:14.984Z] GET http://localhost:3000/_next/static/chunks/node_modules__pnpm_0t3-6si._.js → 200 (31ms, 1686163B)
[2026-07-14T08:47:14.984Z] GET http://localhost:3000/_next/static/chunks/apps_web_app_page_tsx_1voek4m._.js → 200 (27ms, 481B)
[2026-07-14T08:47:14.984Z] GET http://localhost:3000/_next/static/chunks/01oh_next_dist_client_components_builtin_global-error_1voek4m.js → 200 (27ms, 212B)
[2026-07-14T08:47:15.015Z] GET http://localhost:3000/_next/static/chunks/%5Bturbopack%5D_browser_dev_hmr-client_hmr-client_ts_1mojsay._.js → 200 (53ms, 15615B)
[2026-07-14T08:47:15.015Z] GET http://localhost:3000/_next/static/chunks/%5Bturbopack%5D_browser_dev_hmr-client_hmr-client_ts_1freuqa._.js → 200 (53ms, 289B)
[2026-07-14T08:47:15.110Z] GET http://localhost:4000/api/projects → pending (?ms, ?B)
[2026-07-14T08:47:15.110Z] GET http://localhost:4000/api/projects → pending (?ms, ?B)
[2026-07-14T08:51:38.544Z] GET http://localhost:3000/?_rsc=q3mOO9BClNZHexY7 → 200 (200ms, 7822B)
[2026-07-14T08:51:38.562Z] GET http://localhost:3000/?_rsc=q3mOO9BClNZHexY7 → 200 (100ms, 7822B)
[2026-07-14T08:51:38.734Z] GET http://localhost:4000/api/projects → pending (?ms, ?B)
[2026-07-14T08:51:38.738Z] GET http://localhost:3000/_next/static/chunks/node_modules__pnpm_1065434._.js → 200 (81ms, ?B)
[2026-07-14T08:51:38.829Z] GET http://localhost:3000/_next/static/chunks/node_modules__pnpm_1065434._.js → pending (?ms, ?B)
[2026-07-14T08:51:39.659Z] GET http://localhost:4000/api/projects/1c630ee3-9a51-4c30-a9c9-c0cc54e58d67/overview → pending (?ms, ?B)
[2026-07-14T08:52:30.768Z] GET http://localhost:3000/_next/static/chunks/apps_web_app_globals_1lkgh9-.css → 200 (10ms, 56088B)
[2026-07-14T08:53:10.867Z] GET http://localhost:3000/ → 200 (19ms, 12618B)
[2026-07-14T08:53:10.891Z] GET http://localhost:3000/_next/static/chunks/apps_web_app_globals_1lkgh9-.css → 304 (4ms, ?B)
[2026-07-14T08:53:10.891Z] GET http://localhost:3000/_next/static/chunks/%5Bturbopack%5D_browser_dev_hmr-client_hmr-client_ts_0i3v_ep._.js → 200 (6ms, 675B)
[2026-07-14T08:53:10.891Z] GET http://localhost:3000/_next/static/chunks/01oh_next_dist_compiled_next-devtools_index_1q1satn.js → pending (?ms, ?B)
[2026-07-14T08:53:10.891Z] GET http://localhost:3000/_next/static/chunks/01oh_next_dist_compiled_react-dom_0ktcf1d._.js → pending (?ms, ?B)
[2026-07-14T08:53:10.891Z] GET http://localhost:3000/_next/static/chunks/01oh_next_dist_compiled_react-server-dom-turbopack_0r6w_25._.js → 200 (14ms, ?B)
[2026-07-14T08:53:10.891Z] GET http://localhost:3000/_next/static/chunks/01oh_next_dist_compiled_0a_f0kq._.js → 200 (15ms, ?B)
[2026-07-14T08:53:10.891Z] GET http://localhost:3000/_next/static/chunks/01oh_next_dist_client_06jliy-._.js → pending (?ms, ?B)
[2026-07-14T08:53:10.891Z] GET http://localhost:3000/_next/static/chunks/01oh_next_dist_204qidi._.js → 200 (16ms, ?B)
[2026-07-14T08:53:10.891Z] GET http://localhost:3000/_next/static/chunks/0vvp_%40swc_helpers_cjs_0vb02wp._.js → 200 (17ms, ?B)
[2026-07-14T08:53:10.891Z] GET http://localhost:3000/_next/static/chunks/apps_web_1anvha4._.js → pending (?ms, ?B)
[2026-07-14T08:53:10.891Z] GET http://localhost:3000/_next/static/chunks/turbopack-apps_web_1530bsg._.js → pending (?ms, ?B)
[2026-07-14T08:53:10.891Z] GET http://localhost:3000/_next/static/chunks/01oh_next_dist_1w2x0bb._.js → pending (?ms, ?B)
[2026-07-14T08:53:10.891Z] GET http://localhost:3000/_next/static/chunks/apps_web_app_layout_tsx_0ltblws._.js → pending (?ms, ?B)
[2026-07-14T08:53:10.892Z] GET http://localhost:3000/_next/static/chunks/apps_web_1sxu-qf._.js → pending (?ms, ?B)
[2026-07-14T08:53:10.892Z] GET http://localhost:3000/_next/static/chunks/03ia_%40supabase_auth-js_dist_module_0sb4hrh._.js → pending (?ms, ?B)
[2026-07-14T08:53:10.892Z] GET http://localhost:3000/_next/static/chunks/1_33_micromark_dev_lib_0cqgvao._.js → pending (?ms, ?B)
[2026-07-14T08:53:10.892Z] GET http://localhost:3000/_next/static/chunks/1g_1_micromark-core-commonmark_dev_lib_1iz2svp._.js → pending (?ms, ?B)
[2026-07-14T08:53:10.892Z] GET http://localhost:3000/_next/static/chunks/node_modules__pnpm_1065434._.js → pending (?ms, ?B)
[2026-07-14T08:53:10.892Z] GET http://localhost:3000/_next/static/chunks/apps_web_app_page_tsx_1voek4m._.js → pending (?ms, ?B)
[2026-07-14T08:53:10.892Z] GET http://localhost:3000/_next/static/chunks/01oh_next_dist_client_components_builtin_global-error_1voek4m.js → pending (?ms, ?B)
[2026-07-14T08:53:10.938Z] GET http://localhost:3000/_next/static/chunks/%5Bturbopack%5D_browser_dev_hmr-client_hmr-client_ts_1mojsay._.js → 200 (21ms, 15615B)
[2026-07-14T08:53:10.938Z] GET http://localhost:3000/_next/static/chunks/%5Bturbopack%5D_browser_dev_hmr-client_hmr-client_ts_1freuqa._.js → 200 (21ms, 289B)
[2026-07-14T08:53:10.999Z] GET http://localhost:4000/api/projects → pending (?ms, ?B)
[2026-07-14T08:53:10.999Z] GET http://localhost:4000/api/projects → 200 (790ms, 398B)
[2026-07-14T08:53:11.809Z] GET http://localhost:4000/api/projects/1c630ee3-9a51-4c30-a9c9-c0cc54e58d67/overview → pending (?ms, ?B)
[2026-07-14T08:53:19.756Z] GET http://localhost:3000/ → 200 (16ms, 12618B)
[2026-07-14T08:53:19.775Z] GET http://localhost:3000/_next/static/chunks/apps_web_app_globals_1lkgh9-.css → 304 (2ms, ?B)
[2026-07-14T08:53:19.775Z] GET http://localhost:3000/_next/static/chunks/%5Bturbopack%5D_browser_dev_hmr-client_hmr-client_ts_0i3v_ep._.js → 304 (3ms, ?B)
[2026-07-14T08:53:19.775Z] GET http://localhost:3000/_next/static/chunks/01oh_next_dist_compiled_next-devtools_index_1q1satn.js → 304 (4ms, ?B)
[2026-07-14T08:53:19.775Z] GET http://localhost:3000/_next/static/chunks/01oh_next_dist_compiled_react-dom_0ktcf1d._.js → 304 (4ms, ?B)
[2026-07-14T08:53:19.775Z] GET http://localhost:3000/_next/static/chunks/01oh_next_dist_compiled_react-server-dom-turbopack_0r6w_25._.js → 304 (8ms, ?B)
[2026-07-14T08:53:19.775Z] GET http://localhost:3000/_next/static/chunks/01oh_next_dist_compiled_0a_f0kq._.js → 304 (9ms, ?B)
[2026-07-14T08:53:19.775Z] GET http://localhost:3000/_next/static/chunks/01oh_next_dist_client_06jliy-._.js → 304 (9ms, ?B)
[2026-07-14T08:53:19.775Z] GET http://localhost:3000/_next/static/chunks/01oh_next_dist_204qidi._.js → 304 (9ms, ?B)
[2026-07-14T08:53:19.775Z] GET http://localhost:3000/_next/static/chunks/0vvp_%40swc_helpers_cjs_0vb02wp._.js → 304 (10ms, ?B)
[2026-07-14T08:53:19.775Z] GET http://localhost:3000/_next/static/chunks/apps_web_1anvha4._.js → 304 (9ms, ?B)
[2026-07-14T08:53:19.776Z] GET http://localhost:3000/_next/static/chunks/turbopack-apps_web_1530bsg._.js → 304 (8ms, ?B)
[2026-07-14T08:53:19.776Z] GET http://localhost:3000/_next/static/chunks/01oh_next_dist_1w2x0bb._.js → 304 (9ms, ?B)
[2026-07-14T08:53:19.776Z] GET http://localhost:3000/_next/static/chunks/apps_web_app_layout_tsx_0ltblws._.js → 304 (9ms, ?B)
[2026-07-14T08:53:19.776Z] GET http://localhost:3000/_next/static/chunks/apps_web_1sxu-qf._.js → 304 (18ms, ?B)
[2026-07-14T08:53:19.776Z] GET http://localhost:3000/_next/static/chunks/03ia_%40supabase_auth-js_dist_module_0sb4hrh._.js → 304 (18ms, ?B)
[2026-07-14T08:53:19.776Z] GET http://localhost:3000/_next/static/chunks/1_33_micromark_dev_lib_0cqgvao._.js → 304 (18ms, ?B)
[2026-07-14T08:53:19.776Z] GET http://localhost:3000/_next/static/chunks/1g_1_micromark-core-commonmark_dev_lib_1iz2svp._.js → 304 (18ms, ?B)
[2026-07-14T08:53:19.776Z] GET http://localhost:3000/_next/static/chunks/node_modules__pnpm_1065434._.js → 304 (19ms, ?B)
[2026-07-14T08:53:19.776Z] GET http://localhost:3000/_next/static/chunks/apps_web_app_page_tsx_1voek4m._.js → 304 (19ms, ?B)
[2026-07-14T08:53:19.776Z] GET http://localhost:3000/_next/static/chunks/01oh_next_dist_client_components_builtin_global-error_1voek4m.js → 304 (19ms, ?B)
[2026-07-14T08:53:19.793Z] GET http://localhost:3000/_next/static/chunks/%5Bturbopack%5D_browser_dev_hmr-client_hmr-client_ts_1mojsay._.js → 304 (8ms, ?B)
[2026-07-14T08:53:19.794Z] GET http://localhost:3000/_next/static/chunks/%5Bturbopack%5D_browser_dev_hmr-client_hmr-client_ts_1freuqa._.js → 304 (7ms, ?B)
[2026-07-14T08:53:19.816Z] GET http://localhost:4000/api/projects → pending (?ms, ?B)
[2026-07-14T08:53:19.816Z] GET http://localhost:4000/api/projects → pending (?ms, ?B)
[2026-07-14T08:53:20.544Z] GET http://localhost:4000/api/projects/1c630ee3-9a51-4c30-a9c9-c0cc54e58d67/overview → pending (?ms, ?B)
[2026-07-14T08:53:28.591Z] GET http://localhost:3000/manage?project=1c630ee3-9a51-4c30-a9c9-c0cc54e58d67 → 200 (62ms, 12467B)
[2026-07-14T08:53:28.657Z] GET http://localhost:3000/_next/static/chunks/apps_web_app_globals_1lkgh9-.css → 304 (2ms, ?B)
[2026-07-14T08:53:28.657Z] GET http://localhost:3000/_next/static/chunks/%5Bturbopack%5D_browser_dev_hmr-client_hmr-client_ts_0i3v_ep._.js → 304 (4ms, ?B)
[2026-07-14T08:53:28.657Z] GET http://localhost:3000/_next/static/chunks/01oh_next_dist_compiled_next-devtools_index_1q1satn.js → 304 (5ms, ?B)
[2026-07-14T08:53:28.657Z] GET http://localhost:3000/_next/static/chunks/01oh_next_dist_compiled_react-dom_0ktcf1d._.js → 304 (7ms, ?B)
[2026-07-14T08:53:28.657Z] GET http://localhost:3000/_next/static/chunks/01oh_next_dist_compiled_react-server-dom-turbopack_0r6w_25._.js → 304 (6ms, ?B)
[2026-07-14T08:53:28.658Z] GET http://localhost:3000/_next/static/chunks/01oh_next_dist_compiled_0a_f0kq._.js → 304 (6ms, ?B)
[2026-07-14T08:53:28.658Z] GET http://localhost:3000/_next/static/chunks/01oh_next_dist_client_06jliy-._.js → 304 (7ms, ?B)
[2026-07-14T08:53:28.658Z] GET http://localhost:3000/_next/static/chunks/01oh_next_dist_204qidi._.js → 304 (8ms, ?B)
[2026-07-14T08:53:28.658Z] GET http://localhost:3000/_next/static/chunks/0vvp_%40swc_helpers_cjs_0vb02wp._.js → 304 (10ms, ?B)
[2026-07-14T08:53:28.658Z] GET http://localhost:3000/_next/static/chunks/apps_web_1anvha4._.js → 304 (7ms, ?B)
[2026-07-14T08:53:28.658Z] GET http://localhost:3000/_next/static/chunks/turbopack-apps_web_1530bsg._.js → 304 (8ms, ?B)
[2026-07-14T08:53:28.658Z] GET http://localhost:3000/_next/static/chunks/01oh_next_dist_1w2x0bb._.js → 304 (9ms, ?B)
[2026-07-14T08:53:28.658Z] GET http://localhost:3000/_next/static/chunks/apps_web_app_layout_tsx_0ltblws._.js → 304 (20ms, ?B)
[2026-07-14T08:53:28.658Z] GET http://localhost:3000/_next/static/chunks/apps_web_055xuq3._.js → 200 (20ms, 178779B)
[2026-07-14T08:53:28.658Z] GET http://localhost:3000/_next/static/chunks/node_modules__pnpm_1xdbs23._.js → 200 (62ms, 1195634B)
[2026-07-14T08:53:28.658Z] GET http://localhost:3000/_next/static/chunks/apps_web_app_manage_page_tsx_1voek4m._.js → 200 (20ms, 297B)
[2026-07-14T08:53:28.658Z] GET http://localhost:3000/_next/static/chunks/01oh_next_dist_client_components_builtin_global-error_1voek4m.js → 304 (20ms, ?B)
[2026-07-14T08:53:28.675Z] GET http://localhost:3000/_next/static/chunks/%5Bturbopack%5D_browser_dev_hmr-client_hmr-client_ts_1mojsay._.js → 304 (10ms, ?B)
[2026-07-14T08:53:28.675Z] GET http://localhost:3000/_next/static/chunks/%5Bturbopack%5D_browser_dev_hmr-client_hmr-client_ts_1freuqa._.js → 304 (10ms, ?B)
[2026-07-14T08:53:28.752Z] GET http://localhost:4000/api/projects → pending (?ms, ?B)
[2026-07-14T08:53:28.752Z] GET http://localhost:4000/api/projects → pending (?ms, ?B)
[2026-07-14T08:53:30.090Z] GET http://localhost:4000/api/projects/1c630ee3-9a51-4c30-a9c9-c0cc54e58d67/members → pending (?ms, ?B)
[2026-07-14T08:53:59.772Z] GET http://localhost:3000/ → 200 (25ms, 12618B)
[2026-07-14T08:53:59.801Z] GET http://localhost:3000/_next/static/chunks/apps_web_app_globals_1lkgh9-.css → 304 (3ms, ?B)
[2026-07-14T08:53:59.802Z] GET http://localhost:3000/_next/static/chunks/%5Bturbopack%5D_browser_dev_hmr-client_hmr-client_ts_0i3v_ep._.js → 200 (4ms, 675B)
[2026-07-14T08:53:59.802Z] GET http://localhost:3000/_next/static/chunks/01oh_next_dist_compiled_next-devtools_index_1q1satn.js → 200 (17ms, 746660B)
[2026-07-14T08:53:59.802Z] GET http://localhost:3000/_next/static/chunks/01oh_next_dist_compiled_react-dom_0ktcf1d._.js → 200 (15ms, 1059932B)
[2026-07-14T08:53:59.802Z] GET http://localhost:3000/_next/static/chunks/01oh_next_dist_compiled_react-server-dom-turbopack_0r6w_25._.js → 200 (14ms, 175584B)
[2026-07-14T08:53:59.802Z] GET http://localhost:3000/_next/static/chunks/01oh_next_dist_compiled_0a_f0kq._.js → 200 (14ms, 148176B)
[2026-07-14T08:53:59.802Z] GET http://localhost:3000/_next/static/chunks/01oh_next_dist_client_06jliy-._.js → 200 (16ms, 793781B)
[2026-07-14T08:53:59.802Z] GET http://localhost:3000/_next/static/chunks/01oh_next_dist_204qidi._.js → 200 (16ms, 264018B)
[2026-07-14T08:53:59.802Z] GET http://localhost:3000/_next/static/chunks/0vvp_%40swc_helpers_cjs_0vb02wp._.js → 200 (19ms, 2054B)
[2026-07-14T08:53:59.803Z] GET http://localhost:3000/_next/static/chunks/apps_web_1anvha4._.js → 200 (16ms, 700B)
[2026-07-14T08:53:59.803Z] GET http://localhost:3000/_next/static/chunks/turbopack-apps_web_1530bsg._.js → 200 (17ms, 92455B)
[2026-07-14T08:53:59.803Z] GET http://localhost:3000/_next/static/chunks/01oh_next_dist_1w2x0bb._.js → 200 (27ms, 220314B)
[2026-07-14T08:53:59.803Z] GET http://localhost:3000/_next/static/chunks/apps_web_app_layout_tsx_0ltblws._.js → 200 (17ms, 304B)
[2026-07-14T08:53:59.803Z] GET http://localhost:3000/_next/static/chunks/apps_web_1sxu-qf._.js → 200 (65ms, 369121B)
[2026-07-14T08:53:59.803Z] GET http://localhost:3000/_next/static/chunks/03ia_%40supabase_auth-js_dist_module_0sb4hrh._.js → 200 (65ms, 531620B)
[2026-07-14T08:53:59.804Z] GET http://localhost:3000/_next/static/chunks/1_33_micromark_dev_lib_0cqgvao._.js → 200 (60ms, 131193B)
[2026-07-14T08:53:59.804Z] GET http://localhost:3000/_next/static/chunks/1g_1_micromark-core-commonmark_dev_lib_1iz2svp._.js → 200 (64ms, 374112B)
[2026-07-14T08:53:59.804Z] GET http://localhost:3000/_next/static/chunks/node_modules__pnpm_1065434._.js → 200 (66ms, 1688899B)
[2026-07-14T08:53:59.804Z] GET http://localhost:3000/_next/static/chunks/apps_web_app_page_tsx_1voek4m._.js → 200 (60ms, 481B)
[2026-07-14T08:53:59.804Z] GET http://localhost:3000/_next/static/chunks/01oh_next_dist_client_components_builtin_global-error_1voek4m.js → 200 (64ms, 212B)
[2026-07-14T08:53:59.830Z] GET http://localhost:3000/_next/static/chunks/%5Bturbopack%5D_browser_dev_hmr-client_hmr-client_ts_1mojsay._.js → 200 (38ms, 15615B)
[2026-07-14T08:53:59.830Z] GET http://localhost:3000/_next/static/chunks/%5Bturbopack%5D_browser_dev_hmr-client_hmr-client_ts_1freuqa._.js → 200 (38ms, 289B)
[2026-07-14T08:53:59.934Z] GET http://localhost:4000/api/projects → pending (?ms, ?B)
[2026-07-14T08:53:59.934Z] GET http://localhost:4000/api/projects → pending (?ms, ?B)
[2026-07-14T08:54:03.518Z] GET http://localhost:4000/api/projects/1c630ee3-9a51-4c30-a9c9-c0cc54e58d67/overview → pending (?ms, ?B)
[2026-07-14T08:54:06.389Z] GET http://localhost:3000/?project=1c630ee3-9a51-4c30-a9c9-c0cc54e58d67&card=ef4bf10d-eda5-4e7d-a23a-1e2ce4ac5288 → 200 (20ms, 13025B)
[2026-07-14T08:54:06.413Z] GET http://localhost:3000/_next/static/chunks/apps_web_app_globals_1lkgh9-.css → 304 (6ms, ?B)
[2026-07-14T08:54:06.413Z] GET http://localhost:3000/_next/static/chunks/%5Bturbopack%5D_browser_dev_hmr-client_hmr-client_ts_0i3v_ep._.js → 304 (7ms, ?B)
[2026-07-14T08:54:06.413Z] GET http://localhost:3000/_next/static/chunks/01oh_next_dist_compiled_next-devtools_index_1q1satn.js → 304 (7ms, ?B)
[2026-07-14T08:54:06.413Z] GET http://localhost:3000/_next/static/chunks/01oh_next_dist_compiled_react-dom_0ktcf1d._.js → 304 (8ms, ?B)
[2026-07-14T08:54:06.414Z] GET http://localhost:3000/_next/static/chunks/01oh_next_dist_compiled_react-server-dom-turbopack_0r6w_25._.js → 304 (7ms, ?B)
[2026-07-14T08:54:06.414Z] GET http://localhost:3000/_next/static/chunks/01oh_next_dist_compiled_0a_f0kq._.js → 304 (6ms, ?B)
[2026-07-14T08:54:06.414Z] GET http://localhost:3000/_next/static/chunks/01oh_next_dist_client_06jliy-._.js → 304 (7ms, ?B)
[2026-07-14T08:54:06.414Z] GET http://localhost:3000/_next/static/chunks/01oh_next_dist_204qidi._.js → 304 (8ms, ?B)
[2026-07-14T08:54:06.414Z] GET http://localhost:3000/_next/static/chunks/0vvp_%40swc_helpers_cjs_0vb02wp._.js → 304 (13ms, ?B)
[2026-07-14T08:54:06.418Z] GET http://localhost:3000/_next/static/chunks/apps_web_1anvha4._.js → 304 (4ms, ?B)
[2026-07-14T08:54:06.418Z] GET http://localhost:3000/_next/static/chunks/turbopack-apps_web_1530bsg._.js → 304 (4ms, ?B)
[2026-07-14T08:54:06.418Z] GET http://localhost:3000/_next/static/chunks/01oh_next_dist_1w2x0bb._.js → 304 (4ms, ?B)
[2026-07-14T08:54:06.418Z] GET http://localhost:3000/_next/static/chunks/apps_web_app_layout_tsx_0ltblws._.js → 304 (6ms, ?B)
[2026-07-14T08:54:06.418Z] GET http://localhost:3000/_next/static/chunks/apps_web_1sxu-qf._.js → 304 (8ms, ?B)
[2026-07-14T08:54:06.418Z] GET http://localhost:3000/_next/static/chunks/03ia_%40supabase_auth-js_dist_module_0sb4hrh._.js → 304 (11ms, ?B)
[2026-07-14T08:54:06.418Z] GET http://localhost:3000/_next/static/chunks/1_33_micromark_dev_lib_0cqgvao._.js → 304 (10ms, ?B)
[2026-07-14T08:54:06.418Z] GET http://localhost:3000/_next/static/chunks/1g_1_micromark-core-commonmark_dev_lib_1iz2svp._.js → 304 (11ms, ?B)
[2026-07-14T08:54:06.418Z] GET http://localhost:3000/_next/static/chunks/node_modules__pnpm_1065434._.js → 304 (11ms, ?B)
[2026-07-14T08:54:06.418Z] GET http://localhost:3000/_next/static/chunks/apps_web_app_page_tsx_1voek4m._.js → 304 (11ms, ?B)
[2026-07-14T08:54:06.419Z] GET http://localhost:3000/_next/static/chunks/01oh_next_dist_client_components_builtin_global-error_1voek4m.js → 304 (10ms, ?B)
[2026-07-14T08:54:06.439Z] GET http://localhost:3000/_next/static/chunks/%5Bturbopack%5D_browser_dev_hmr-client_hmr-client_ts_1mojsay._.js → 304 (12ms, ?B)
[2026-07-14T08:54:06.439Z] GET http://localhost:3000/_next/static/chunks/%5Bturbopack%5D_browser_dev_hmr-client_hmr-client_ts_1freuqa._.js → 304 (12ms, ?B)
[2026-07-14T08:54:06.470Z] GET http://localhost:4000/api/projects → pending (?ms, ?B)
[2026-07-14T08:54:06.470Z] GET http://localhost:4000/api/projects → pending (?ms, ?B)
[2026-07-14T08:54:08.000Z] GET http://localhost:4000/api/versions/8f2c15d2-5828-4035-a419-cddc1b86b82f → pending (?ms, ?B)
[2026-07-14T08:54:15.894Z] GET http://localhost:4000/api/projects → pending (?ms, ?B)
[2026-07-14T08:54:17.058Z] GET http://localhost:4000/api/versions/8f2c15d2-5828-4035-a419-cddc1b86b82f → pending (?ms, ?B)
[2026-07-14T08:54:18.894Z] GET http://localhost:4000/api/projects → pending (?ms, ?B)
[2026-07-14T08:54:20.067Z] GET http://localhost:4000/api/versions/8f2c15d2-5828-4035-a419-cddc1b86b82f → pending (?ms, ?B)
[2026-07-14T08:54:21.895Z] GET http://localhost:4000/api/projects → pending (?ms, ?B)
[2026-07-14T08:54:23.204Z] GET http://localhost:4000/api/versions/8f2c15d2-5828-4035-a419-cddc1b86b82f → pending (?ms, ?B)
[2026-07-14T08:54:24.390Z] GET http://localhost:3000/ → 200 (21ms, 12618B)
[2026-07-14T08:54:24.420Z] GET http://localhost:3000/_next/static/chunks/apps_web_app_globals_1lkgh9-.css → 304 (2ms, ?B)
[2026-07-14T08:54:24.420Z] GET http://localhost:3000/_next/static/chunks/%5Bturbopack%5D_browser_dev_hmr-client_hmr-client_ts_0i3v_ep._.js → 200 (4ms, 675B)
[2026-07-14T08:54:24.420Z] GET http://localhost:3000/_next/static/chunks/01oh_next_dist_compiled_next-devtools_index_1q1satn.js → 200 (13ms, 746660B)
[2026-07-14T08:54:24.420Z] GET http://localhost:3000/_next/static/chunks/01oh_next_dist_compiled_react-dom_0ktcf1d._.js → 200 (12ms, 1059932B)
[2026-07-14T08:54:24.420Z] GET http://localhost:3000/_next/static/chunks/01oh_next_dist_compiled_react-server-dom-turbopack_0r6w_25._.js → 200 (7ms, 175584B)
[2026-07-14T08:54:24.420Z] GET http://localhost:3000/_next/static/chunks/01oh_next_dist_compiled_0a_f0kq._.js → 200 (8ms, 148176B)
[2026-07-14T08:54:24.420Z] GET http://localhost:3000/_next/static/chunks/01oh_next_dist_client_06jliy-._.js → 200 (23ms, 793781B)
[2026-07-14T08:54:24.420Z] GET http://localhost:3000/_next/static/chunks/01oh_next_dist_204qidi._.js → 200 (14ms, 264018B)
[2026-07-14T08:54:24.420Z] GET http://localhost:3000/_next/static/chunks/0vvp_%40swc_helpers_cjs_0vb02wp._.js → 200 (18ms, 2054B)
[2026-07-14T08:54:24.420Z] GET http://localhost:3000/_next/static/chunks/apps_web_1anvha4._.js → 200 (19ms, 700B)
[2026-07-14T08:54:24.420Z] GET http://localhost:3000/_next/static/chunks/turbopack-apps_web_1530bsg._.js → 200 (29ms, 92455B)
[2026-07-14T08:54:24.420Z] GET http://localhost:3000/_next/static/chunks/01oh_next_dist_1w2x0bb._.js → 200 (29ms, 220314B)
[2026-07-14T08:54:24.420Z] GET http://localhost:3000/_next/static/chunks/apps_web_app_layout_tsx_0ltblws._.js → 200 (29ms, 304B)
[2026-07-14T08:54:24.420Z] GET http://localhost:3000/_next/static/chunks/apps_web_1sxu-qf._.js → 200 (41ms, 369121B)
[2026-07-14T08:54:24.421Z] GET http://localhost:3000/_next/static/chunks/03ia_%40supabase_auth-js_dist_module_0sb4hrh._.js → 200 (47ms, 531620B)
[2026-07-14T08:54:24.421Z] GET http://localhost:3000/_next/static/chunks/1_33_micromark_dev_lib_0cqgvao._.js → 200 (28ms, 131193B)
[2026-07-14T08:54:24.421Z] GET http://localhost:3000/_next/static/chunks/1g_1_micromark-core-commonmark_dev_lib_1iz2svp._.js → 200 (41ms, 374112B)
[2026-07-14T08:54:24.421Z] GET http://localhost:3000/_next/static/chunks/node_modules__pnpm_1065434._.js → 200 (62ms, 1688899B)
[2026-07-14T08:54:24.421Z] GET http://localhost:3000/_next/static/chunks/apps_web_app_page_tsx_1voek4m._.js → 200 (41ms, 481B)
[2026-07-14T08:54:24.421Z] GET http://localhost:3000/_next/static/chunks/01oh_next_dist_client_components_builtin_global-error_1voek4m.js → 200 (41ms, 212B)
[2026-07-14T08:54:24.454Z] GET http://localhost:3000/_next/static/chunks/%5Bturbopack%5D_browser_dev_hmr-client_hmr-client_ts_1mojsay._.js → 200 (35ms, 15615B)
[2026-07-14T08:54:24.461Z] GET http://localhost:3000/_next/static/chunks/%5Bturbopack%5D_browser_dev_hmr-client_hmr-client_ts_1freuqa._.js → 200 (28ms, 289B)
[2026-07-14T08:54:24.559Z] GET http://localhost:4000/api/projects → pending (?ms, ?B)
[2026-07-14T08:54:24.559Z] GET http://localhost:4000/api/projects → pending (?ms, ?B)
[2026-07-14T08:54:26.083Z] GET http://localhost:4000/api/projects/1c630ee3-9a51-4c30-a9c9-c0cc54e58d67/overview → pending (?ms, ?B)
[2026-07-14T08:54:44.202Z] GET https://supabase.com/changelog.md → 200 (193ms, 77188B)
[2026-07-14T08:56:34.654Z] GET http://localhost:3000/?_rsc=q3mOO9BClNZHexY7 → 200 (95ms, 7822B)
[2026-07-14T08:56:34.760Z] GET http://localhost:3000/?_rsc=q3mOO9BClNZHexY7 → 200 (64ms, 7822B)
[2026-07-14T08:56:34.762Z] GET http://localhost:3000/_next/static/chunks/node_modules__pnpm_0mah4tx._.js → 200 (124ms, ?B)
[2026-07-14T08:56:34.798Z] GET http://localhost:4000/api/projects → pending (?ms, ?B)
[2026-07-14T08:56:34.904Z] GET http://localhost:3000/_next/static/chunks/node_modules__pnpm_0mah4tx._.js → 304 (?ms, ?B)
[2026-07-14T08:56:36.495Z] GET http://localhost:4000/api/projects/1c630ee3-9a51-4c30-a9c9-c0cc54e58d67/overview → pending (?ms, ?B)
[2026-07-14T08:57:09.448Z] GET http://localhost:3000/_next/static/chunks/apps_web_app_globals_1lkgh9-.css → 200 (3ms, 60229B)
[2026-07-14T08:57:35.658Z] GET https://supabase.com/changelog.md → 200 (59ms, 77188B)
[2026-07-14T08:57:36.429Z] GET http://localhost:3000/ → 200 (95ms, 12618B)
[2026-07-14T08:57:36.527Z] GET http://localhost:3000/_next/static/chunks/apps_web_app_globals_1lkgh9-.css → 304 (2ms, ?B)
[2026-07-14T08:57:36.527Z] GET http://localhost:3000/_next/static/chunks/%5Bturbopack%5D_browser_dev_hmr-client_hmr-client_ts_0i3v_ep._.js → 200 (4ms, 675B)
[2026-07-14T08:57:36.527Z] GET http://localhost:3000/_next/static/chunks/01oh_next_dist_compiled_next-devtools_index_1q1satn.js → 200 (31ms, 746660B)
[2026-07-14T08:57:36.527Z] GET http://localhost:3000/_next/static/chunks/01oh_next_dist_compiled_react-dom_0ktcf1d._.js → 200 (14ms, 1059932B)
[2026-07-14T08:57:36.527Z] GET http://localhost:3000/_next/static/chunks/01oh_next_dist_compiled_react-server-dom-turbopack_0r6w_25._.js → 200 (6ms, 175584B)
[2026-07-14T08:57:36.528Z] GET http://localhost:3000/_next/static/chunks/01oh_next_dist_compiled_0a_f0kq._.js → 200 (7ms, 148176B)
[2026-07-14T08:57:36.528Z] GET http://localhost:3000/_next/static/chunks/01oh_next_dist_client_06jliy-._.js → 200 (11ms, 793781B)
[2026-07-14T08:57:36.528Z] GET http://localhost:3000/_next/static/chunks/01oh_next_dist_204qidi._.js → 200 (11ms, 264018B)
[2026-07-14T08:57:36.528Z] GET http://localhost:3000/_next/static/chunks/0vvp_%40swc_helpers_cjs_0vb02wp._.js → 200 (14ms, 2054B)
[2026-07-14T08:57:36.528Z] GET http://localhost:3000/_next/static/chunks/apps_web_1anvha4._.js → 200 (13ms, 700B)
[2026-07-14T08:57:36.528Z] GET http://localhost:3000/_next/static/chunks/turbopack-apps_web_1530bsg._.js → 200 (14ms, 92455B)
[2026-07-14T08:57:36.528Z] GET http://localhost:3000/_next/static/chunks/01oh_next_dist_1w2x0bb._.js → 200 (16ms, 220314B)
[2026-07-14T08:57:36.528Z] GET http://localhost:3000/_next/static/chunks/apps_web_app_layout_tsx_0ltblws._.js → 200 (16ms, 304B)
[2026-07-14T08:57:36.528Z] GET http://localhost:3000/_next/static/chunks/apps_web_1sxu-qf._.js → 200 (36ms, 406905B)
[2026-07-14T08:57:36.528Z] GET http://localhost:3000/_next/static/chunks/03ia_%40supabase_auth-js_dist_module_0sb4hrh._.js → 200 (34ms, 531620B)
[2026-07-14T08:57:36.528Z] GET http://localhost:3000/_next/static/chunks/1_33_micromark_dev_lib_0cqgvao._.js → 200 (30ms, 131193B)
[2026-07-14T08:57:36.528Z] GET http://localhost:3000/_next/static/chunks/1g_1_micromark-core-commonmark_dev_lib_1iz2svp._.js → 200 (30ms, 374112B)
[2026-07-14T08:57:36.528Z] GET http://localhost:3000/_next/static/chunks/node_modules__pnpm_0mah4tx._.js → 304 (30ms, ?B)
[2026-07-14T08:57:36.528Z] GET http://localhost:3000/_next/static/chunks/apps_web_app_page_tsx_1voek4m._.js → 200 (34ms, 481B)
[2026-07-14T08:57:36.528Z] GET http://localhost:3000/_next/static/chunks/01oh_next_dist_client_components_builtin_global-error_1voek4m.js → 200 (34ms, 212B)
[2026-07-14T08:57:36.571Z] GET http://localhost:3000/_next/static/chunks/%5Bturbopack%5D_browser_dev_hmr-client_hmr-client_ts_1mojsay._.js → 200 (36ms, 15615B)
[2026-07-14T08:57:36.571Z] GET http://localhost:3000/_next/static/chunks/%5Bturbopack%5D_browser_dev_hmr-client_hmr-client_ts_1freuqa._.js → 200 (36ms, 289B)
[2026-07-14T08:57:36.624Z] GET http://localhost:4000/api/projects → pending (?ms, ?B)
[2026-07-14T08:57:36.624Z] GET http://localhost:4000/api/projects → pending (?ms, ?B)
[2026-07-14T08:57:38.668Z] GET http://localhost:4000/api/projects/1c630ee3-9a51-4c30-a9c9-c0cc54e58d67/overview → pending (?ms, ?B)
[2026-07-14T09:02:17.133Z] GET https://supabase.com/changelog.md → 200 (99ms, 77188B)
[2026-07-14T09:02:17.930Z] GET http://localhost:3000/?project=1c630ee3-9a51-4c30-a9c9-c0cc54e58d67 → 200 (20ms, 12823B)
[2026-07-14T09:02:17.955Z] GET http://localhost:3000/_next/static/chunks/apps_web_app_globals_1lkgh9-.css → 304 (2ms, ?B)
[2026-07-14T09:02:17.955Z] GET http://localhost:3000/_next/static/chunks/%5Bturbopack%5D_browser_dev_hmr-client_hmr-client_ts_0i3v_ep._.js → 200 (3ms, 675B)
[2026-07-14T09:02:17.955Z] GET http://localhost:3000/_next/static/chunks/01oh_next_dist_compiled_next-devtools_index_1q1satn.js → 200 (22ms, 746660B)
[2026-07-14T09:02:17.955Z] GET http://localhost:3000/_next/static/chunks/01oh_next_dist_compiled_react-dom_0ktcf1d._.js → 200 (21ms, 1059932B)
[2026-07-14T09:02:17.955Z] GET http://localhost:3000/_next/static/chunks/01oh_next_dist_compiled_react-server-dom-turbopack_0r6w_25._.js → 200 (10ms, 175584B)
[2026-07-14T09:02:17.955Z] GET http://localhost:3000/_next/static/chunks/01oh_next_dist_compiled_0a_f0kq._.js → 200 (10ms, 148176B)
[2026-07-14T09:02:17.955Z] GET http://localhost:3000/_next/static/chunks/01oh_next_dist_client_06jliy-._.js → 200 (21ms, 793781B)
[2026-07-14T09:02:17.955Z] GET http://localhost:3000/_next/static/chunks/01oh_next_dist_204qidi._.js → 200 (12ms, 264018B)
[2026-07-14T09:02:17.955Z] GET http://localhost:3000/_next/static/chunks/0vvp_%40swc_helpers_cjs_0vb02wp._.js → 200 (11ms, 2054B)
[2026-07-14T09:02:17.955Z] GET http://localhost:3000/_next/static/chunks/apps_web_1anvha4._.js → 200 (20ms, 700B)
[2026-07-14T09:02:17.955Z] GET http://localhost:3000/_next/static/chunks/turbopack-apps_web_1530bsg._.js → 200 (22ms, 92455B)
[2026-07-14T09:02:17.955Z] GET http://localhost:3000/_next/static/chunks/01oh_next_dist_1w2x0bb._.js → 200 (22ms, 220314B)
[2026-07-14T09:02:17.956Z] GET http://localhost:3000/_next/static/chunks/apps_web_app_layout_tsx_0ltblws._.js → 200 (21ms, 304B)
[2026-07-14T09:02:17.956Z] GET http://localhost:3000/_next/static/chunks/apps_web_1sxu-qf._.js → 200 (61ms, 407016B)
[2026-07-14T09:02:17.956Z] GET http://localhost:3000/_next/static/chunks/03ia_%40supabase_auth-js_dist_module_0sb4hrh._.js → 200 (27ms, 531620B)
[2026-07-14T09:02:17.956Z] GET http://localhost:3000/_next/static/chunks/1_33_micromark_dev_lib_0cqgvao._.js → 200 (27ms, 131193B)
[2026-07-14T09:02:17.956Z] GET http://localhost:3000/_next/static/chunks/1g_1_micromark-core-commonmark_dev_lib_1iz2svp._.js → 200 (27ms, 374112B)
[2026-07-14T09:02:17.956Z] GET http://localhost:3000/_next/static/chunks/node_modules__pnpm_0mah4tx._.js → 200 (64ms, 1693733B)
[2026-07-14T09:02:17.957Z] GET http://localhost:3000/_next/static/chunks/apps_web_app_page_tsx_1voek4m._.js → 200 (26ms, 481B)
[2026-07-14T09:02:17.957Z] GET http://localhost:3000/_next/static/chunks/01oh_next_dist_client_components_builtin_global-error_1voek4m.js → 200 (26ms, 212B)
[2026-07-14T09:02:17.983Z] GET http://localhost:3000/_next/static/chunks/%5Bturbopack%5D_browser_dev_hmr-client_hmr-client_ts_1mojsay._.js → 200 (37ms, 15615B)
[2026-07-14T09:02:17.983Z] GET http://localhost:3000/_next/static/chunks/%5Bturbopack%5D_browser_dev_hmr-client_hmr-client_ts_1freuqa._.js → 200 (37ms, 289B)
[2026-07-14T09:02:18.091Z] GET http://localhost:4000/api/projects → pending (?ms, ?B)
[2026-07-14T09:02:18.091Z] GET http://localhost:4000/api/projects → pending (?ms, ?B)
[2026-07-14T09:02:19.781Z] GET http://localhost:4000/api/versions/8f2c15d2-5828-4035-a419-cddc1b86b82f → pending (?ms, ?B)
[2026-07-14T09:02:26.951Z] GET http://localhost:4000/api/projects → pending (?ms, ?B)
[2026-07-14T09:02:28.593Z] GET http://localhost:4000/api/versions/8f2c15d2-5828-4035-a419-cddc1b86b82f → pending (?ms, ?B)
[2026-07-14T09:02:29.951Z] GET http://localhost:4000/api/projects → pending (?ms, ?B)
[2026-07-14T09:02:31.616Z] GET http://localhost:4000/api/versions/8f2c15d2-5828-4035-a419-cddc1b86b82f → pending (?ms, ?B)
[2026-07-14T09:02:32.952Z] GET http://localhost:4000/api/projects → pending (?ms, ?B)
[2026-07-14T09:02:35.193Z] GET http://localhost:4000/api/versions/8f2c15d2-5828-4035-a419-cddc1b86b82f → pending (?ms, ?B)
[2026-07-14T09:02:35.952Z] GET http://localhost:4000/api/projects → pending (?ms, ?B)
[2026-07-14T09:02:38.577Z] GET http://localhost:4000/api/versions/8f2c15d2-5828-4035-a419-cddc1b86b82f → pending (?ms, ?B)
[2026-07-14T09:02:38.949Z] GET http://localhost:4000/api/projects → pending (?ms, ?B)
[2026-07-14T09:02:40.766Z] GET http://localhost:4000/api/versions/8f2c15d2-5828-4035-a419-cddc1b86b82f → 200 (620ms, ?B)
[2026-07-14T09:02:41.951Z] GET http://localhost:4000/api/projects → pending (?ms, ?B)
[2026-07-14T09:02:43.860Z] GET http://localhost:4000/api/versions/8f2c15d2-5828-4035-a419-cddc1b86b82f → 200 (399ms, ?B)
[2026-07-14T09:02:44.952Z] GET http://localhost:4000/api/projects → pending (?ms, ?B)
[2026-07-14T09:02:46.901Z] GET http://localhost:4000/api/versions/8f2c15d2-5828-4035-a419-cddc1b86b82f → 200 (416ms, ?B)
[2026-07-14T09:02:47.951Z] GET http://localhost:4000/api/projects → pending (?ms, ?B)
[2026-07-14T09:02:50.074Z] GET http://localhost:4000/api/versions/8f2c15d2-5828-4035-a419-cddc1b86b82f → pending (?ms, ?B)
[2026-07-14T09:02:50.954Z] GET http://localhost:4000/api/projects → pending (?ms, ?B)
[2026-07-14T09:02:53.526Z] GET http://localhost:4000/api/versions/8f2c15d2-5828-4035-a419-cddc1b86b82f → 200 (600ms, 101971B)
[2026-07-14T09:02:53.949Z] GET http://localhost:4000/api/projects → pending (?ms, ?B)
[2026-07-14T09:02:56.197Z] GET http://localhost:4000/api/versions/8f2c15d2-5828-4035-a419-cddc1b86b82f → pending (?ms, ?B)
[2026-07-14T09:02:56.954Z] GET http://localhost:4000/api/projects → pending (?ms, ?B)
[2026-07-14T09:02:59.394Z] GET http://localhost:4000/api/versions/8f2c15d2-5828-4035-a419-cddc1b86b82f → pending (?ms, ?B)
[2026-07-14T09:02:59.949Z] GET http://localhost:4000/api/projects → pending (?ms, ?B)
[2026-07-14T09:03:01.553Z] GET http://localhost:4000/api/versions/8f2c15d2-5828-4035-a419-cddc1b86b82f → pending (?ms, ?B)
[2026-07-14T09:03:02.951Z] GET http://localhost:4000/api/projects → pending (?ms, ?B)
[2026-07-14T09:03:05.403Z] GET http://localhost:4000/api/versions/8f2c15d2-5828-4035-a419-cddc1b86b82f → pending (?ms, ?B)
[2026-07-14T09:03:05.949Z] GET http://localhost:4000/api/projects → pending (?ms, ?B)
[2026-07-14T09:03:07.553Z] GET http://localhost:4000/api/versions/8f2c15d2-5828-4035-a419-cddc1b86b82f → pending (?ms, ?B)
[2026-07-14T09:03:08.954Z] GET http://localhost:4000/api/projects → pending (?ms, ?B)
[2026-07-14T09:03:10.537Z] GET http://localhost:4000/api/versions/8f2c15d2-5828-4035-a419-cddc1b86b82f → pending (?ms, ?B)
[2026-07-14T09:03:11.951Z] GET http://localhost:4000/api/projects → pending (?ms, ?B)
[2026-07-14T09:03:13.288Z] GET http://localhost:4000/api/versions/8f2c15d2-5828-4035-a419-cddc1b86b82f → pending (?ms, ?B)
[2026-07-14T09:03:14.952Z] GET http://localhost:4000/api/projects → pending (?ms, ?B)
[2026-07-14T09:03:17.362Z] GET http://localhost:4000/api/versions/8f2c15d2-5828-4035-a419-cddc1b86b82f → pending (?ms, ?B)
[2026-07-14T09:03:17.949Z] GET http://localhost:4000/api/projects → pending (?ms, ?B)
[2026-07-14T09:03:19.568Z] GET http://localhost:4000/api/versions/8f2c15d2-5828-4035-a419-cddc1b86b82f → pending (?ms, ?B)
[2026-07-14T09:03:20.951Z] GET http://localhost:4000/api/projects → pending (?ms, ?B)
[2026-07-14T09:03:23.065Z] GET http://localhost:4000/api/versions/8f2c15d2-5828-4035-a419-cddc1b86b82f → pending (?ms, ?B)
[2026-07-14T09:03:23.950Z] GET http://localhost:4000/api/projects → pending (?ms, ?B)
[2026-07-14T09:03:25.940Z] GET http://localhost:4000/api/versions/8f2c15d2-5828-4035-a419-cddc1b86b82f → pending (?ms, ?B)
[2026-07-14T09:03:26.951Z] GET http://localhost:4000/api/projects → pending (?ms, ?B)
[2026-07-14T09:03:29.063Z] GET http://localhost:4000/api/versions/8f2c15d2-5828-4035-a419-cddc1b86b82f → pending (?ms, ?B)
[2026-07-14T09:03:29.950Z] GET http://localhost:4000/api/projects → pending (?ms, ?B)
[2026-07-14T09:03:30.938Z] GET http://localhost:3000/?project=1c630ee3-9a51-4c30-a9c9-c0cc54e58d67&_rsc=Ztv-7659wK9YVO6T → 200 (117ms, 7970B)
[2026-07-14T09:03:30.939Z] GET http://localhost:3000/?project=1c630ee3-9a51-4c30-a9c9-c0cc54e58d67&_rsc=Ztv-7659wK9YVO6T → 200 (69ms, 7970B)
[2026-07-14T09:03:30.960Z] GET http://localhost:4000/api/projects → pending (?ms, ?B)
[2026-07-14T09:03:31.028Z] GET http://localhost:3000/_next/static/chunks/apps_web_1nufen8._.js → 200 (69ms, ?B)
[2026-07-14T09:03:31.100Z] GET http://localhost:3000/_next/static/chunks/apps_web_1nufen8._.js → 304 (2ms, ?B)
[2026-07-14T09:03:32.064Z] GET http://localhost:4000/api/versions/8f2c15d2-5828-4035-a419-cddc1b86b82f → pending (?ms, ?B)
[2026-07-14T09:03:33.792Z] GET http://localhost:4000/api/versions/8f2c15d2-5828-4035-a419-cddc1b86b82f → pending (?ms, ?B)
[2026-07-14T09:03:39.867Z] GET http://localhost:4000/api/projects → pending (?ms, ?B)
[2026-07-14T09:03:39.867Z] GET http://localhost:4000/api/versions/8f2c15d2-5828-4035-a419-cddc1b86b82f → pending (?ms, ?B)
[2026-07-14T09:03:43.201Z] GET http://localhost:4000/api/projects → pending (?ms, ?B)
[2026-07-14T09:03:44.730Z] GET http://localhost:4000/api/versions/8f2c15d2-5828-4035-a419-cddc1b86b82f → pending (?ms, ?B)
[2026-07-14T09:03:45.869Z] GET http://localhost:4000/api/projects → pending (?ms, ?B)
[2026-07-14T09:03:47.736Z] GET http://localhost:4000/api/versions/8f2c15d2-5828-4035-a419-cddc1b86b82f → pending (?ms, ?B)
[2026-07-14T09:03:48.870Z] GET http://localhost:4000/api/projects → pending (?ms, ?B)
[2026-07-14T09:03:50.686Z] GET http://localhost:4000/api/versions/8f2c15d2-5828-4035-a419-cddc1b86b82f → pending (?ms, ?B)
[2026-07-14T09:03:51.869Z] GET http://localhost:4000/api/projects → pending (?ms, ?B)
[2026-07-14T09:03:53.704Z] GET http://localhost:4000/api/versions/8f2c15d2-5828-4035-a419-cddc1b86b82f → 200 (374ms, 101971B)
[2026-07-14T09:03:54.867Z] GET http://localhost:4000/api/projects → pending (?ms, ?B)
[2026-07-14T09:03:56.935Z] GET http://localhost:4000/api/versions/8f2c15d2-5828-4035-a419-cddc1b86b82f → pending (?ms, ?B)
[2026-07-14T09:03:57.866Z] GET http://localhost:4000/api/projects → pending (?ms, ?B)
[2026-07-14T09:03:59.647Z] GET http://localhost:4000/api/versions/8f2c15d2-5828-4035-a419-cddc1b86b82f → pending (?ms, 101971B)
[2026-07-14T09:04:00.866Z] GET http://localhost:4000/api/projects → pending (?ms, ?B)
[2026-07-14T09:04:03.866Z] GET http://localhost:4000/api/projects → 200 (111ms, 398B)
[2026-07-14T09:04:03.978Z] GET http://localhost:4000/api/versions/8f2c15d2-5828-4035-a419-cddc1b86b82f → pending (?ms, ?B)
[2026-07-14T09:04:05.943Z] GET http://localhost:4000/api/versions/8f2c15d2-5828-4035-a419-cddc1b86b82f → pending (?ms, ?B)
[2026-07-14T09:04:06.868Z] GET http://localhost:4000/api/projects → pending (?ms, ?B)
[2026-07-14T09:04:08.691Z] GET http://localhost:4000/api/versions/8f2c15d2-5828-4035-a419-cddc1b86b82f → pending (?ms, ?B)
[2026-07-14T09:04:09.867Z] GET http://localhost:4000/api/projects → pending (?ms, ?B)
[2026-07-14T09:04:11.836Z] GET http://localhost:4000/api/versions/8f2c15d2-5828-4035-a419-cddc1b86b82f → pending (?ms, ?B)
[2026-07-14T09:04:12.869Z] GET http://localhost:4000/api/projects → pending (?ms, ?B)
[2026-07-14T09:04:14.613Z] GET http://localhost:4000/api/versions/8f2c15d2-5828-4035-a419-cddc1b86b82f → pending (?ms, ?B)
[2026-07-14T09:04:15.869Z] GET http://localhost:4000/api/projects → pending (?ms, ?B)
[2026-07-14T09:04:17.427Z] GET http://localhost:3000/ → pending (?ms, ?B)
[2026-07-14T09:04:17.540Z] GET http://localhost:4000/api/versions/8f2c15d2-5828-4035-a419-cddc1b86b82f → pending (?ms, ?B)
[2026-07-14T09:04:17.774Z] GET http://localhost:3000/_next/static/chunks/apps_web_app_globals_1lkgh9-.css → 304 (2ms, ?B)
[2026-07-14T09:04:17.774Z] GET http://localhost:3000/_next/static/chunks/%5Bturbopack%5D_browser_dev_hmr-client_hmr-client_ts_0i3v_ep._.js → 200 (3ms, 675B)
[2026-07-14T09:04:17.774Z] GET http://localhost:3000/_next/static/chunks/01oh_next_dist_compiled_next-devtools_index_1q1satn.js → 200 (22ms, 746660B)
[2026-07-14T09:04:17.774Z] GET http://localhost:3000/_next/static/chunks/01oh_next_dist_compiled_react-dom_0ktcf1d._.js → 200 (21ms, 1059932B)
[2026-07-14T09:04:17.774Z] GET http://localhost:3000/_next/static/chunks/01oh_next_dist_compiled_react-server-dom-turbopack_0r6w_25._.js → 200 (7ms, 175584B)
[2026-07-14T09:04:17.774Z] GET http://localhost:3000/_next/static/chunks/01oh_next_dist_compiled_0a_f0kq._.js → 200 (9ms, 148176B)
[2026-07-14T09:04:17.774Z] GET http://localhost:3000/_next/static/chunks/01oh_next_dist_client_06jliy-._.js → 200 (21ms, 793781B)
[2026-07-14T09:04:17.775Z] GET http://localhost:3000/_next/static/chunks/01oh_next_dist_204qidi._.js → 200 (9ms, 264018B)
[2026-07-14T09:04:17.775Z] GET http://localhost:3000/_next/static/chunks/0vvp_%40swc_helpers_cjs_0vb02wp._.js → 200 (21ms, 2054B)
[2026-07-14T09:04:17.775Z] GET http://localhost:3000/_next/static/chunks/apps_web_1anvha4._.js → 200 (21ms, 700B)
[2026-07-14T09:04:17.775Z] GET http://localhost:3000/_next/static/chunks/turbopack-apps_web_1530bsg._.js → 200 (21ms, 92455B)
[2026-07-14T09:04:17.775Z] GET http://localhost:3000/_next/static/chunks/01oh_next_dist_1w2x0bb._.js → 200 (21ms, 220314B)
[2026-07-14T09:04:17.775Z] GET http://localhost:3000/_next/static/chunks/apps_web_app_layout_tsx_0ltblws._.js → 200 (21ms, 304B)
[2026-07-14T09:04:17.775Z] GET http://localhost:3000/_next/static/chunks/apps_web_1nufen8._.js → 200 (62ms, 408737B)
[2026-07-14T09:04:17.775Z] GET http://localhost:3000/_next/static/chunks/03ia_%40supabase_auth-js_dist_module_0sb4hrh._.js → 200 (29ms, 531620B)
[2026-07-14T09:04:17.775Z] GET http://localhost:3000/_next/static/chunks/1_33_micromark_dev_lib_0cqgvao._.js → 200 (28ms, 131193B)
[2026-07-14T09:04:17.775Z] GET http://localhost:3000/_next/static/chunks/1g_1_micromark-core-commonmark_dev_lib_1iz2svp._.js → 200 (29ms, 374112B)
[2026-07-14T09:04:17.775Z] GET http://localhost:3000/_next/static/chunks/node_modules__pnpm_0mah4tx._.js → 200 (62ms, 1693733B)
[2026-07-14T09:04:17.775Z] GET http://localhost:3000/_next/static/chunks/apps_web_app_page_tsx_1voek4m._.js → 200 (29ms, 481B)
[2026-07-14T09:04:17.775Z] GET http://localhost:3000/_next/static/chunks/01oh_next_dist_client_components_builtin_global-error_1voek4m.js → 200 (29ms, 212B)
[2026-07-14T09:04:17.803Z] GET http://localhost:3000/_next/static/chunks/%5Bturbopack%5D_browser_dev_hmr-client_hmr-client_ts_1mojsay._.js → 200 (34ms, 15615B)
[2026-07-14T09:04:17.803Z] GET http://localhost:3000/_next/static/chunks/%5Bturbopack%5D_browser_dev_hmr-client_hmr-client_ts_1freuqa._.js → 200 (35ms, 289B)
[2026-07-14T09:04:17.911Z] GET http://localhost:4000/api/projects → pending (?ms, ?B)
[2026-07-14T09:04:17.911Z] GET http://localhost:4000/api/projects → pending (?ms, ?B)
[2026-07-14T09:04:20.531Z] GET http://localhost:4000/api/projects/1c630ee3-9a51-4c30-a9c9-c0cc54e58d67/overview → pending (?ms, ?B)
[2026-07-14T09:04:23.767Z] GET http://localhost:3000/?project=1c630ee3-9a51-4c30-a9c9-c0cc54e58d67 → 200 (16ms, 12823B)
[2026-07-14T09:04:23.787Z] GET http://localhost:3000/_next/static/chunks/apps_web_app_globals_1lkgh9-.css → 304 (1ms, ?B)
[2026-07-14T09:04:23.787Z] GET http://localhost:3000/_next/static/chunks/%5Bturbopack%5D_browser_dev_hmr-client_hmr-client_ts_0i3v_ep._.js → 304 (1ms, ?B)
[2026-07-14T09:04:23.787Z] GET http://localhost:3000/_next/static/chunks/01oh_next_dist_compiled_next-devtools_index_1q1satn.js → 304 (2ms, ?B)
[2026-07-14T09:04:23.787Z] GET http://localhost:3000/_next/static/chunks/01oh_next_dist_compiled_react-dom_0ktcf1d._.js → 304 (4ms, ?B)
[2026-07-14T09:04:23.787Z] GET http://localhost:3000/_next/static/chunks/01oh_next_dist_compiled_react-server-dom-turbopack_0r6w_25._.js → 304 (4ms, ?B)
[2026-07-14T09:04:23.787Z] GET http://localhost:3000/_next/static/chunks/01oh_next_dist_compiled_0a_f0kq._.js → 304 (4ms, ?B)
[2026-07-14T09:04:23.787Z] GET http://localhost:3000/_next/static/chunks/01oh_next_dist_client_06jliy-._.js → 304 (4ms, ?B)
[2026-07-14T09:04:23.787Z] GET http://localhost:3000/_next/static/chunks/01oh_next_dist_204qidi._.js → 304 (4ms, ?B)
[2026-07-14T09:04:23.787Z] GET http://localhost:3000/_next/static/chunks/0vvp_%40swc_helpers_cjs_0vb02wp._.js → 304 (9ms, ?B)
[2026-07-14T09:04:23.787Z] GET http://localhost:3000/_next/static/chunks/apps_web_1anvha4._.js → 304 (9ms, ?B)
[2026-07-14T09:04:23.787Z] GET http://localhost:3000/_next/static/chunks/turbopack-apps_web_1530bsg._.js → 304 (9ms, ?B)
[2026-07-14T09:04:23.787Z] GET http://localhost:3000/_next/static/chunks/01oh_next_dist_1w2x0bb._.js → 304 (9ms, ?B)
[2026-07-14T09:04:23.787Z] GET http://localhost:3000/_next/static/chunks/apps_web_app_layout_tsx_0ltblws._.js → 304 (9ms, ?B)
[2026-07-14T09:04:23.787Z] GET http://localhost:3000/_next/static/chunks/apps_web_1nufen8._.js → 304 (9ms, ?B)
[2026-07-14T09:04:23.787Z] GET http://localhost:3000/_next/static/chunks/03ia_%40supabase_auth-js_dist_module_0sb4hrh._.js → 304 (10ms, ?B)
[2026-07-14T09:04:23.787Z] GET http://localhost:3000/_next/static/chunks/1_33_micromark_dev_lib_0cqgvao._.js → 304 (9ms, ?B)
[2026-07-14T09:04:23.787Z] GET http://localhost:3000/_next/static/chunks/1g_1_micromark-core-commonmark_dev_lib_1iz2svp._.js → 304 (9ms, ?B)
[2026-07-14T09:04:23.787Z] GET http://localhost:3000/_next/static/chunks/node_modules__pnpm_0mah4tx._.js → 304 (9ms, ?B)
[2026-07-14T09:04:23.788Z] GET http://localhost:3000/_next/static/chunks/apps_web_app_page_tsx_1voek4m._.js → 304 (9ms, ?B)
[2026-07-14T09:04:23.788Z] GET http://localhost:3000/_next/static/chunks/01oh_next_dist_client_components_builtin_global-error_1voek4m.js → 304 (9ms, ?B)
[2026-07-14T09:04:23.804Z] GET http://localhost:3000/_next/static/chunks/%5Bturbopack%5D_browser_dev_hmr-client_hmr-client_ts_1mojsay._.js → 304 (7ms, ?B)
[2026-07-14T09:04:23.804Z] GET http://localhost:3000/_next/static/chunks/%5Bturbopack%5D_browser_dev_hmr-client_hmr-client_ts_1freuqa._.js → 304 (7ms, ?B)
[2026-07-14T09:04:23.824Z] GET http://localhost:4000/api/projects → pending (?ms, ?B)
[2026-07-14T09:04:23.824Z] GET http://localhost:4000/api/projects → pending (?ms, ?B)
[2026-07-14T09:04:25.373Z] GET http://localhost:4000/api/versions/8f2c15d2-5828-4035-a419-cddc1b86b82f → pending (?ms, ?B)
[2026-07-14T09:04:32.062Z] GET http://localhost:4000/api/projects → pending (?ms, ?B)
[2026-07-14T09:04:33.789Z] GET http://localhost:4000/api/versions/8f2c15d2-5828-4035-a419-cddc1b86b82f → pending (?ms, ?B)
[2026-07-14T09:04:35.060Z] GET http://localhost:4000/api/projects → pending (?ms, ?B)
[2026-07-14T09:04:37.616Z] GET http://localhost:4000/api/versions/8f2c15d2-5828-4035-a419-cddc1b86b82f → 200 (417ms, 101971B)
[2026-07-14T09:04:38.263Z] GET http://localhost:4000/api/projects → pending (?ms, ?B)
[2026-07-14T09:04:40.112Z] GET http://localhost:4000/api/versions/8f2c15d2-5828-4035-a419-cddc1b86b82f → pending (?ms, ?B)
[2026-07-14T09:04:41.060Z] GET http://localhost:4000/api/projects → pending (?ms, ?B)
[2026-07-14T09:04:42.964Z] GET http://localhost:4000/api/versions/8f2c15d2-5828-4035-a419-cddc1b86b82f → pending (?ms, ?B)
[2026-07-14T09:04:44.061Z] GET http://localhost:4000/api/projects → pending (?ms, ?B)
[2026-07-14T09:04:46.441Z] GET http://localhost:4000/api/versions/8f2c15d2-5828-4035-a419-cddc1b86b82f → pending (?ms, ?B)
[2026-07-14T09:04:47.062Z] GET http://localhost:4000/api/projects → pending (?ms, ?B)
[2026-07-14T09:04:48.772Z] GET http://localhost:4000/api/versions/8f2c15d2-5828-4035-a419-cddc1b86b82f → pending (?ms, ?B)
[2026-07-14T09:04:50.061Z] GET http://localhost:4000/api/projects → pending (?ms, ?B)
[2026-07-14T09:04:51.748Z] GET http://localhost:4000/api/versions/8f2c15d2-5828-4035-a419-cddc1b86b82f → pending (?ms, ?B)
[2026-07-14T09:04:53.061Z] GET http://localhost:4000/api/projects → pending (?ms, ?B)
[2026-07-14T09:04:55.054Z] GET http://localhost:4000/api/versions/8f2c15d2-5828-4035-a419-cddc1b86b82f → pending (?ms, ?B)
[2026-07-14T09:04:56.060Z] GET http://localhost:4000/api/projects → pending (?ms, ?B)
[2026-07-14T09:04:57.669Z] GET http://localhost:4000/api/versions/8f2c15d2-5828-4035-a419-cddc1b86b82f → pending (?ms, ?B)
[2026-07-14T09:04:59.060Z] GET http://localhost:4000/api/projects → pending (?ms, ?B)
[2026-07-14T09:05:00.688Z] GET http://localhost:4000/api/versions/8f2c15d2-5828-4035-a419-cddc1b86b82f → pending (?ms, ?B)
[2026-07-14T09:05:02.061Z] GET http://localhost:4000/api/projects → pending (?ms, ?B)
[2026-07-14T09:05:04.134Z] GET http://localhost:4000/api/versions/8f2c15d2-5828-4035-a419-cddc1b86b82f → pending (?ms, ?B)
[2026-07-14T09:05:05.061Z] GET http://localhost:4000/api/projects → pending (?ms, ?B)
[2026-07-14T09:05:06.660Z] GET http://localhost:4000/api/versions/8f2c15d2-5828-4035-a419-cddc1b86b82f → pending (?ms, ?B)
[2026-07-14T09:05:08.062Z] GET http://localhost:4000/api/projects → pending (?ms, ?B)
[2026-07-14T09:05:10.004Z] GET http://localhost:4000/api/versions/8f2c15d2-5828-4035-a419-cddc1b86b82f → pending (?ms, ?B)
[2026-07-14T09:05:11.061Z] GET http://localhost:4000/api/projects → pending (?ms, ?B)
[2026-07-14T09:05:12.757Z] GET http://localhost:4000/api/versions/8f2c15d2-5828-4035-a419-cddc1b86b82f → pending (?ms, ?B)
[2026-07-14T09:05:14.060Z] GET http://localhost:4000/api/projects → pending (?ms, ?B)
[2026-07-14T09:05:15.971Z] GET http://localhost:4000/api/versions/8f2c15d2-5828-4035-a419-cddc1b86b82f → pending (?ms, ?B)
[2026-07-14T09:05:17.060Z] GET http://localhost:4000/api/projects → pending (?ms, ?B)
[2026-07-14T09:05:18.540Z] GET http://localhost:4000/api/versions/8f2c15d2-5828-4035-a419-cddc1b86b82f → pending (?ms, ?B)
[2026-07-14T09:05:20.063Z] GET http://localhost:4000/api/projects → pending (?ms, ?B)
[2026-07-14T09:05:21.706Z] GET http://localhost:4000/api/versions/8f2c15d2-5828-4035-a419-cddc1b86b82f → pending (?ms, ?B)
[2026-07-14T09:05:23.225Z] GET http://localhost:4000/api/projects → pending (?ms, ?B)
[2026-07-14T09:05:24.921Z] GET http://localhost:4000/api/versions/8f2c15d2-5828-4035-a419-cddc1b86b82f → 200 (482ms, 101971B)
[2026-07-14T09:05:26.060Z] GET http://localhost:4000/api/projects → pending (?ms, ?B)
[2026-07-14T09:05:28.144Z] GET http://localhost:4000/api/versions/8f2c15d2-5828-4035-a419-cddc1b86b82f → pending (?ms, ?B)
[2026-07-14T09:05:29.061Z] GET http://localhost:4000/api/projects → pending (?ms, ?B)
[2026-07-14T09:05:30.407Z] GET http://localhost:4000/api/versions/8f2c15d2-5828-4035-a419-cddc1b86b82f → pending (?ms, ?B)
[2026-07-14T09:05:32.061Z] GET http://localhost:4000/api/projects → pending (?ms, ?B)
[2026-07-14T09:05:33.615Z] GET http://localhost:4000/api/versions/8f2c15d2-5828-4035-a419-cddc1b86b82f → pending (?ms, ?B)
[2026-07-14T09:05:35.061Z] GET http://localhost:4000/api/projects → pending (?ms, ?B)
[2026-07-14T09:05:36.412Z] GET http://localhost:4000/api/versions/8f2c15d2-5828-4035-a419-cddc1b86b82f → pending (?ms, ?B)
[2026-07-14T09:05:38.061Z] GET http://localhost:4000/api/projects → pending (?ms, ?B)
[2026-07-14T09:05:39.866Z] GET http://localhost:4000/api/versions/8f2c15d2-5828-4035-a419-cddc1b86b82f → pending (?ms, ?B)
[2026-07-14T09:05:41.061Z] GET http://localhost:4000/api/projects → pending (?ms, ?B)
[2026-07-14T09:05:42.595Z] GET http://localhost:4000/api/versions/8f2c15d2-5828-4035-a419-cddc1b86b82f → pending (?ms, ?B)
[2026-07-14T09:05:44.061Z] GET http://localhost:4000/api/projects → pending (?ms, ?B)
[2026-07-14T09:05:45.523Z] GET http://localhost:4000/api/versions/8f2c15d2-5828-4035-a419-cddc1b86b82f → pending (?ms, ?B)
[2026-07-14T09:05:47.061Z] GET http://localhost:4000/api/projects → pending (?ms, ?B)
[2026-07-14T09:05:48.619Z] GET http://localhost:4000/api/versions/8f2c15d2-5828-4035-a419-cddc1b86b82f → pending (?ms, ?B)
[2026-07-14T09:05:50.060Z] GET http://localhost:4000/api/projects → pending (?ms, ?B)
[2026-07-14T09:05:51.595Z] GET http://localhost:4000/api/versions/8f2c15d2-5828-4035-a419-cddc1b86b82f → pending (?ms, ?B)
[2026-07-14T09:05:53.061Z] GET http://localhost:4000/api/projects → pending (?ms, ?B)
[2026-07-14T09:05:54.768Z] GET http://localhost:4000/api/versions/8f2c15d2-5828-4035-a419-cddc1b86b82f → pending (?ms, ?B)
[2026-07-14T09:05:56.061Z] GET http://localhost:4000/api/projects → pending (?ms, ?B)
[2026-07-14T09:05:58.047Z] GET http://localhost:4000/api/versions/8f2c15d2-5828-4035-a419-cddc1b86b82f → pending (?ms, ?B)
[2026-07-14T09:05:59.063Z] GET http://localhost:4000/api/projects → pending (?ms, ?B)
[2026-07-14T09:06:00.764Z] GET http://localhost:4000/api/versions/8f2c15d2-5828-4035-a419-cddc1b86b82f → 200 (359ms, 101971B)
[2026-07-14T09:06:02.061Z] GET http://localhost:4000/api/projects → pending (?ms, ?B)
[2026-07-14T09:06:03.677Z] GET http://localhost:4000/api/versions/8f2c15d2-5828-4035-a419-cddc1b86b82f → pending (?ms, ?B)
[2026-07-14T09:06:05.061Z] GET http://localhost:4000/api/projects → pending (?ms, ?B)
[2026-07-14T09:06:06.584Z] GET http://localhost:4000/api/versions/8f2c15d2-5828-4035-a419-cddc1b86b82f → pending (?ms, ?B)
[2026-07-14T09:06:08.061Z] GET http://localhost:4000/api/projects → pending (?ms, ?B)
[2026-07-14T09:06:09.428Z] GET http://localhost:4000/api/versions/8f2c15d2-5828-4035-a419-cddc1b86b82f → pending (?ms, ?B)
[2026-07-14T09:06:11.061Z] GET http://localhost:4000/api/projects → pending (?ms, ?B)
[2026-07-14T09:06:12.550Z] GET http://localhost:4000/api/versions/8f2c15d2-5828-4035-a419-cddc1b86b82f → pending (?ms, ?B)
[2026-07-14T09:06:14.060Z] GET http://localhost:4000/api/projects → pending (?ms, ?B)
[2026-07-14T09:06:15.501Z] GET http://localhost:4000/api/versions/8f2c15d2-5828-4035-a419-cddc1b86b82f → pending (?ms, ?B)
[2026-07-14T09:06:17.060Z] GET http://localhost:4000/api/projects → pending (?ms, ?B)
[2026-07-14T09:06:18.449Z] GET http://localhost:4000/api/versions/8f2c15d2-5828-4035-a419-cddc1b86b82f → pending (?ms, ?B)
[2026-07-14T09:06:20.061Z] GET http://localhost:4000/api/projects → pending (?ms, ?B)
[2026-07-14T09:06:21.642Z] GET http://localhost:4000/api/versions/8f2c15d2-5828-4035-a419-cddc1b86b82f → pending (?ms, ?B)
[2026-07-14T09:06:23.062Z] GET http://localhost:4000/api/projects → pending (?ms, ?B)
[2026-07-14T09:06:24.737Z] GET http://localhost:4000/api/versions/8f2c15d2-5828-4035-a419-cddc1b86b82f → pending (?ms, ?B)
[2026-07-14T09:06:26.061Z] GET http://localhost:4000/api/projects → pending (?ms, ?B)
[2026-07-14T09:06:27.707Z] GET http://localhost:4000/api/versions/8f2c15d2-5828-4035-a419-cddc1b86b82f → pending (?ms, ?B)
[2026-07-14T09:06:29.063Z] GET http://localhost:4000/api/projects → pending (?ms, ?B)
[2026-07-14T09:06:30.573Z] GET http://localhost:4000/api/versions/8f2c15d2-5828-4035-a419-cddc1b86b82f → pending (?ms, ?B)
[2026-07-14T09:06:32.061Z] GET http://localhost:4000/api/projects → pending (?ms, ?B)
[2026-07-14T09:06:33.623Z] GET http://localhost:4000/api/versions/8f2c15d2-5828-4035-a419-cddc1b86b82f → pending (?ms, ?B)
[2026-07-14T09:06:35.061Z] GET http://localhost:4000/api/projects → pending (?ms, ?B)
[2026-07-14T09:06:36.419Z] GET http://localhost:4000/api/versions/8f2c15d2-5828-4035-a419-cddc1b86b82f → pending (?ms, ?B)
[2026-07-14T09:06:38.061Z] GET http://localhost:4000/api/projects → pending (?ms, ?B)
[2026-07-14T09:06:39.682Z] GET http://localhost:4000/api/versions/8f2c15d2-5828-4035-a419-cddc1b86b82f → pending (?ms, ?B)
[2026-07-14T09:06:41.061Z] GET http://localhost:4000/api/projects → pending (?ms, ?B)
[2026-07-14T09:06:42.650Z] GET http://localhost:4000/api/versions/8f2c15d2-5828-4035-a419-cddc1b86b82f → pending (?ms, ?B)
[2026-07-14T09:06:44.061Z] GET http://localhost:4000/api/projects → pending (?ms, ?B)
[2026-07-14T09:06:45.695Z] GET http://localhost:4000/api/versions/8f2c15d2-5828-4035-a419-cddc1b86b82f → pending (?ms, ?B)
[2026-07-14T09:06:47.061Z] GET http://localhost:4000/api/projects → pending (?ms, ?B)
[2026-07-14T09:06:48.754Z] GET http://localhost:4000/api/versions/8f2c15d2-5828-4035-a419-cddc1b86b82f → pending (?ms, ?B)
[2026-07-14T09:06:50.061Z] GET http://localhost:4000/api/projects → pending (?ms, ?B)
[2026-07-14T09:06:51.578Z] GET http://localhost:4000/api/versions/8f2c15d2-5828-4035-a419-cddc1b86b82f → pending (?ms, ?B)
[2026-07-14T09:06:53.060Z] GET http://localhost:4000/api/projects → pending (?ms, ?B)
[2026-07-14T09:06:54.527Z] GET http://localhost:4000/api/versions/8f2c15d2-5828-4035-a419-cddc1b86b82f → pending (?ms, ?B)
[2026-07-14T09:06:56.062Z] GET http://localhost:4000/api/projects → pending (?ms, ?B)
[2026-07-14T09:06:57.814Z] GET http://localhost:4000/api/versions/8f2c15d2-5828-4035-a419-cddc1b86b82f → pending (?ms, ?B)
[2026-07-14T09:06:59.060Z] GET http://localhost:4000/api/projects → pending (?ms, ?B)
[2026-07-14T09:07:00.475Z] GET http://localhost:4000/api/versions/8f2c15d2-5828-4035-a419-cddc1b86b82f → pending (?ms, ?B)
[2026-07-14T09:07:02.062Z] GET http://localhost:4000/api/projects → pending (?ms, ?B)
[2026-07-14T09:07:03.497Z] GET http://localhost:4000/api/versions/8f2c15d2-5828-4035-a419-cddc1b86b82f → pending (?ms, ?B)
[2026-07-14T09:07:05.062Z] GET http://localhost:4000/api/projects → pending (?ms, ?B)
[2026-07-14T09:07:06.572Z] GET http://localhost:4000/api/versions/8f2c15d2-5828-4035-a419-cddc1b86b82f → pending (?ms, ?B)
[2026-07-14T09:07:08.067Z] GET http://localhost:4000/api/projects → pending (?ms, ?B)
[2026-07-14T09:07:09.694Z] GET http://localhost:4000/api/versions/8f2c15d2-5828-4035-a419-cddc1b86b82f → pending (?ms, ?B)
[2026-07-14T09:07:11.070Z] GET http://localhost:4000/api/projects → pending (?ms, ?B)
[2026-07-14T09:07:12.474Z] GET http://localhost:4000/api/versions/8f2c15d2-5828-4035-a419-cddc1b86b82f → pending (?ms, ?B)
[2026-07-14T09:07:14.072Z] GET http://localhost:4000/api/projects → pending (?ms, ?B)
[2026-07-14T09:07:15.508Z] GET http://localhost:4000/api/versions/8f2c15d2-5828-4035-a419-cddc1b86b82f → pending (?ms, ?B)
[2026-07-14T09:07:17.075Z] GET http://localhost:4000/api/projects → pending (?ms, ?B)
[2026-07-14T09:07:18.478Z] GET http://localhost:4000/api/versions/8f2c15d2-5828-4035-a419-cddc1b86b82f → pending (?ms, ?B)
[2026-07-14T09:07:20.078Z] GET http://localhost:4000/api/projects → pending (?ms, ?B)
[2026-07-14T09:07:21.552Z] GET http://localhost:4000/api/versions/8f2c15d2-5828-4035-a419-cddc1b86b82f → pending (?ms, ?B)
[2026-07-14T09:07:23.080Z] GET http://localhost:4000/api/projects → pending (?ms, ?B)
[2026-07-14T09:07:24.707Z] GET http://localhost:4000/api/versions/8f2c15d2-5828-4035-a419-cddc1b86b82f → pending (?ms, ?B)
[2026-07-14T09:07:26.081Z] GET http://localhost:4000/api/projects → pending (?ms, ?B)
[2026-07-14T09:07:27.891Z] GET http://localhost:4000/api/versions/8f2c15d2-5828-4035-a419-cddc1b86b82f → pending (?ms, ?B)
[2026-07-14T09:07:29.082Z] GET http://localhost:4000/api/projects → pending (?ms, ?B)
[2026-07-14T09:07:31.472Z] GET http://localhost:4000/api/versions/8f2c15d2-5828-4035-a419-cddc1b86b82f → pending (?ms, ?B)
[2026-07-14T09:07:32.083Z] GET http://localhost:4000/api/projects → pending (?ms, ?B)
[2026-07-14T09:07:33.867Z] GET http://localhost:4000/api/versions/8f2c15d2-5828-4035-a419-cddc1b86b82f → 200 (385ms, 101971B)
[2026-07-14T09:07:35.085Z] GET http://localhost:4000/api/projects → pending (?ms, ?B)
[2026-07-14T09:07:36.672Z] GET http://localhost:4000/api/versions/8f2c15d2-5828-4035-a419-cddc1b86b82f → pending (?ms, ?B)
[2026-07-14T09:07:38.085Z] GET http://localhost:4000/api/projects → pending (?ms, ?B)
[2026-07-14T09:07:39.684Z] GET http://localhost:4000/api/versions/8f2c15d2-5828-4035-a419-cddc1b86b82f → pending (?ms, ?B)
[2026-07-14T09:07:41.085Z] GET http://localhost:4000/api/projects → pending (?ms, ?B)
[2026-07-14T09:07:42.757Z] GET http://localhost:4000/api/versions/8f2c15d2-5828-4035-a419-cddc1b86b82f → pending (?ms, ?B)
[2026-07-14T09:07:44.087Z] GET http://localhost:4000/api/projects → pending (?ms, ?B)
[2026-07-14T09:07:45.658Z] GET http://localhost:4000/api/versions/8f2c15d2-5828-4035-a419-cddc1b86b82f → pending (?ms, ?B)
[2026-07-14T09:07:47.087Z] GET http://localhost:4000/api/projects → pending (?ms, ?B)
[2026-07-14T09:07:48.609Z] GET http://localhost:4000/api/versions/8f2c15d2-5828-4035-a419-cddc1b86b82f → pending (?ms, ?B)
[2026-07-14T09:07:50.089Z] GET http://localhost:4000/api/projects → pending (?ms, ?B)
[2026-07-14T09:07:51.615Z] GET http://localhost:4000/api/versions/8f2c15d2-5828-4035-a419-cddc1b86b82f → pending (?ms, ?B)
[2026-07-14T09:07:53.088Z] GET http://localhost:4000/api/projects → pending (?ms, ?B)
[2026-07-14T09:07:54.618Z] GET http://localhost:4000/api/versions/8f2c15d2-5828-4035-a419-cddc1b86b82f → pending (?ms, ?B)
[2026-07-14T09:07:56.088Z] GET http://localhost:4000/api/projects → pending (?ms, ?B)
[2026-07-14T09:07:57.816Z] GET http://localhost:4000/api/versions/8f2c15d2-5828-4035-a419-cddc1b86b82f → pending (?ms, ?B)
[2026-07-14T09:07:59.088Z] GET http://localhost:4000/api/projects → pending (?ms, ?B)
[2026-07-14T09:08:01.054Z] GET http://localhost:4000/api/versions/8f2c15d2-5828-4035-a419-cddc1b86b82f → 200 (358ms, 101971B)
[2026-07-14T09:08:02.089Z] GET http://localhost:4000/api/projects → pending (?ms, ?B)
[2026-07-14T09:08:04.047Z] GET http://localhost:4000/api/versions/8f2c15d2-5828-4035-a419-cddc1b86b82f → pending (?ms, ?B)
[2026-07-14T09:08:05.089Z] GET http://localhost:4000/api/projects → pending (?ms, ?B)
[2026-07-14T09:08:06.813Z] GET http://localhost:4000/api/versions/8f2c15d2-5828-4035-a419-cddc1b86b82f → pending (?ms, ?B)
[2026-07-14T09:08:08.089Z] GET http://localhost:4000/api/projects → pending (?ms, ?B)
[2026-07-14T09:08:09.678Z] GET http://localhost:4000/api/versions/8f2c15d2-5828-4035-a419-cddc1b86b82f → pending (?ms, ?B)
[2026-07-14T09:08:11.089Z] GET http://localhost:4000/api/projects → pending (?ms, ?B)
[2026-07-14T09:08:12.918Z] GET http://localhost:4000/api/versions/8f2c15d2-5828-4035-a419-cddc1b86b82f → pending (?ms, ?B)
[2026-07-14T09:08:14.087Z] GET http://localhost:4000/api/projects → pending (?ms, ?B)
[2026-07-14T09:08:15.682Z] GET http://localhost:4000/api/versions/8f2c15d2-5828-4035-a419-cddc1b86b82f → pending (?ms, ?B)
[2026-07-14T09:08:17.089Z] GET http://localhost:4000/api/projects → pending (?ms, ?B)
[2026-07-14T09:08:18.616Z] GET http://localhost:4000/api/versions/8f2c15d2-5828-4035-a419-cddc1b86b82f → pending (?ms, ?B)
[2026-07-14T09:08:20.090Z] GET http://localhost:4000/api/projects → pending (?ms, ?B)
[2026-07-14T09:08:21.648Z] GET http://localhost:4000/api/versions/8f2c15d2-5828-4035-a419-cddc1b86b82f → pending (?ms, ?B)
[2026-07-14T09:08:23.090Z] GET http://localhost:4000/api/projects → pending (?ms, ?B)
[2026-07-14T09:08:24.689Z] GET http://localhost:4000/api/versions/8f2c15d2-5828-4035-a419-cddc1b86b82f → pending (?ms, ?B)
[2026-07-14T09:08:26.091Z] GET http://localhost:4000/api/projects → pending (?ms, ?B)
[2026-07-14T09:08:27.736Z] GET http://localhost:4000/api/versions/8f2c15d2-5828-4035-a419-cddc1b86b82f → pending (?ms, ?B)
[2026-07-14T09:08:29.089Z] GET http://localhost:4000/api/projects → pending (?ms, ?B)
[2026-07-14T09:08:30.754Z] GET http://localhost:4000/api/versions/8f2c15d2-5828-4035-a419-cddc1b86b82f → pending (?ms, ?B)
[2026-07-14T09:08:32.088Z] GET http://localhost:4000/api/projects → pending (?ms, ?B)
[2026-07-14T09:08:33.693Z] GET http://localhost:4000/api/versions/8f2c15d2-5828-4035-a419-cddc1b86b82f → pending (?ms, ?B)
[2026-07-14T09:08:35.089Z] GET http://localhost:4000/api/projects → pending (?ms, ?B)
[2026-07-14T09:08:37.032Z] GET http://localhost:4000/api/versions/8f2c15d2-5828-4035-a419-cddc1b86b82f → pending (?ms, ?B)
[2026-07-14T09:08:38.089Z] GET http://localhost:4000/api/projects → pending (?ms, ?B)
[2026-07-14T09:08:39.915Z] GET http://localhost:4000/api/versions/8f2c15d2-5828-4035-a419-cddc1b86b82f → pending (?ms, ?B)
[2026-07-14T09:08:41.090Z] GET http://localhost:4000/api/projects → pending (?ms, ?B)
[2026-07-14T09:08:42.997Z] GET http://localhost:4000/api/versions/8f2c15d2-5828-4035-a419-cddc1b86b82f → pending (?ms, ?B)
[2026-07-14T09:08:44.088Z] GET http://localhost:4000/api/projects → pending (?ms, ?B)
[2026-07-14T09:08:46.532Z] GET http://localhost:4000/api/versions/8f2c15d2-5828-4035-a419-cddc1b86b82f → pending (?ms, ?B)
[2026-07-14T09:08:47.088Z] GET http://localhost:4000/api/projects → pending (?ms, ?B)
[2026-07-14T09:08:49.350Z] GET http://localhost:4000/api/versions/8f2c15d2-5828-4035-a419-cddc1b86b82f → pending (?ms, ?B)
[2026-07-14T09:08:50.088Z] GET http://localhost:4000/api/projects → pending (?ms, ?B)
[2026-07-14T09:08:52.311Z] GET http://localhost:4000/api/versions/8f2c15d2-5828-4035-a419-cddc1b86b82f → 200 (438ms, ?B)
[2026-07-14T09:08:53.088Z] GET http://localhost:4000/api/projects → pending (?ms, ?B)
[2026-07-14T09:08:55.266Z] GET http://localhost:4000/api/versions/8f2c15d2-5828-4035-a419-cddc1b86b82f → pending (?ms, ?B)
[2026-07-14T09:08:56.089Z] GET http://localhost:4000/api/projects → pending (?ms, ?B)
[2026-07-14T09:08:59.088Z] GET http://localhost:4000/api/projects → 200 (112ms, 398B)
[2026-07-14T09:08:59.200Z] GET http://localhost:4000/api/versions/8f2c15d2-5828-4035-a419-cddc1b86b82f → pending (?ms, ?B)
[2026-07-14T09:09:02.088Z] GET http://localhost:4000/api/projects → 200 (302ms, 398B)
[2026-07-14T09:09:02.391Z] GET http://localhost:4000/api/versions/8f2c15d2-5828-4035-a419-cddc1b86b82f → pending (?ms, ?B)
[2026-07-14T09:09:04.664Z] GET http://localhost:4000/api/versions/8f2c15d2-5828-4035-a419-cddc1b86b82f → pending (?ms, ?B)
[2026-07-14T09:09:05.089Z] GET http://localhost:4000/api/projects → pending (?ms, ?B)
[2026-07-14T09:09:07.065Z] GET http://localhost:4000/api/versions/8f2c15d2-5828-4035-a419-cddc1b86b82f → 200 (350ms, 101971B)
[2026-07-14T09:09:08.089Z] GET http://localhost:4000/api/projects → pending (?ms, ?B)
[2026-07-14T09:09:10.471Z] GET http://localhost:4000/api/versions/8f2c15d2-5828-4035-a419-cddc1b86b82f → pending (?ms, 101971B)
[2026-07-14T09:09:11.089Z] GET http://localhost:4000/api/projects → pending (?ms, ?B)
[2026-07-14T09:09:13.542Z] GET http://localhost:4000/api/versions/8f2c15d2-5828-4035-a419-cddc1b86b82f → pending (?ms, ?B)
[2026-07-14T09:09:14.134Z] GET http://localhost:4000/api/projects → pending (?ms, ?B)
[2026-07-14T09:09:17.090Z] GET http://localhost:4000/api/projects → pending (?ms, ?B)
[2026-07-14T09:09:20.091Z] GET http://localhost:4000/api/projects → pending (?ms, ?B)
[2026-07-14T09:09:23.091Z] GET http://localhost:4000/api/projects → pending (?ms, ?B)
[2026-07-14T09:09:26.088Z] GET http://localhost:4000/api/projects → pending (?ms, ?B)
[2026-07-14T09:09:29.090Z] GET http://localhost:4000/api/projects → pending (?ms, ?B)
[2026-07-14T09:09:32.089Z] GET http://localhost:4000/api/projects → pending (?ms, ?B)
[2026-07-14T09:09:35.089Z] GET http://localhost:4000/api/projects → pending (?ms, ?B)
[2026-07-14T09:09:38.092Z] GET http://localhost:4000/api/projects → pending (?ms, ?B)
[2026-07-14T09:09:41.091Z] GET http://localhost:4000/api/projects → pending (?ms, ?B)
[2026-07-14T09:09:44.090Z] GET http://localhost:4000/api/projects → pending (?ms, ?B)
[2026-07-14T09:09:47.090Z] GET http://localhost:4000/api/projects → pending (?ms, ?B)
[2026-07-14T09:09:50.091Z] GET http://localhost:4000/api/projects → pending (?ms, ?B)
[2026-07-14T09:09:53.091Z] GET http://localhost:4000/api/projects → pending (?ms, ?B)
[2026-07-14T09:09:56.089Z] GET http://localhost:4000/api/projects → pending (?ms, ?B)
[2026-07-14T09:09:56.243Z] GET http://localhost:3000/?project=1c630ee3-9a51-4c30-a9c9-c0cc54e58d67 → pending (?ms, ?B)
